<?xml version="1.0" encoding="utf-8"?>
<TestRun id="0a6d3f33-7c13-44eb-8171-56081260ed07" name="vivek.singh@INHYDL4869 2026-03-03 04:11:00" runUser="AVEVA\vivek.singh" xmlns="http://microsoft.com/schemas/VisualStudio/TeamTest/2010">
  <Times creation="2026-03-03T04:11:00.6340921+05:30" queuing="2026-03-03T04:11:00.6340925+05:30" start="2026-03-03T04:10:59.1764734+05:30" finish="2026-03-03T04:11:02.5403108+05:30" />
  <TestSettings name="default" id="e7f99c98-fd3e-4ba9-b0c0-d5d44fa8cd54">
    <Deployment runDeploymentRoot="vivek.singh_INHYDL4869_2026-03-03_04_11_00" />
  </TestSettings>
  <Results>
    <UnitTestResult executionId="2fa3f5b1-db4c-4db4-9f98-c8ac886d6e5f" testId="9623a827-b80e-c8e6-0fe4-a1b0e4b637ba" testName="invoice_v1.tests.Application.Services.JobServiceTests.CreateJobFromLogAsync_NoExistingJobs_CreatesJob" computerName="INHYDL4869" duration="00:00:00.0245389" startTime="2026-03-03T04:11:00.9769479+05:30" endTime="2026-03-03T04:11:01.0001894+05:30" testType="13cdc9d9-ddb5-4fa4-a97d-d965ccfc6d4b" outcome="Passed" testListId="8c84fa94-04c1-424b-9868-57a2d4851a1d" relativeResultsDirectory="2fa3f5b1-db4c-4db4-9f98-c8ac886d6e5f" />
    <UnitTestResult executionId="b6dc4f67-8a52-4d19-914d-7797e5bb24ff" testId="c0a9d220-38ff-860b-ecfc-86db048b724b" testName="Invoice_v1.UnitTests.PasswordHasherTests.VerifyPassword_ShouldReturnFalse_ForWrongPassword" computerName="INHYDL4869" duration="00:00:00.1459502" startTime="2026-03-03T04:11:00.6356863+05:30" endTime="2026-03-03T04:11:00.7812161+05:30" testType="13cdc9d9-ddb5-4fa4-a97d-d965ccfc6d4b" outcome="Passed" testListId="8c84fa94-04c1-424b-9868-57a2d4851a1d" relativeResultsDirectory="b6dc4f67-8a52-4d19-914d-7797e5bb24ff" />
    <UnitTestResult executionId="88a2334e-9b57-4501-ac5a-683fde08cf4d" testId="8b2b5bfb-1716-5318-edd2-57743626f40a" testName="invoicev1.tests.Application.Services.HmacValidatorTests.ValidateHmac_TamperedPayload_ReturnsFalse" computerName="INHYDL4869" duration="00:00:00.0001680" startTime="2026-03-03T04:11:00.6611593+05:30" endTime="2026-03-03T04:11:00.6612431+05:30" testType="13cdc9d9-ddb5-4fa4-a97d-d965ccfc6d4b" outcome="Passed" testListId="8c84fa94-04c1-424b-9868-57a2d4851a1d" relativeResultsDirectory="88a2334e-9b57-4501-ac5a-683fde08cf4d" />
    <UnitTestResult executionId="aa648630-60b6-4e29-8ff4-0c16a23cad24" testId="2d65ebcd-d6d1-0355-d942-5888b059196f" testName="invoice_v1.tests.Controllers.VendorInvoicesControllerTests.UploadInvoice_InvalidArgument_ReturnsBadRequest" computerName="INHYDL4869" duration="00:00:00.0044084" startTime="2026-03-03T04:11:00.7071437+05:30" endTime="2026-03-03T04:11:00.7107854+05:30" testType="13cdc9d9-ddb5-4fa4-a97d-d965ccfc6d4b" outcome="Passed" testListId="8c84fa94-04c1-424b-9868-57a2d4851a1d" relativeResultsDirectory="aa648630-60b6-4e29-8ff4-0c16a23cad24" />
    <UnitTestResult executionId="8361596b-9c98-41d2-9be8-f0d26f03ac52" testId="eb86261f-54e0-bbe6-77be-04386c5e255b" testName="invoicev1.tests.Application.Services.HmacValidatorTests.ValidateHmac_BothNullOrWhitespace_ReturnsFalse" computerName="INHYDL4869" duration="00:00:00.0001887" startTime="2026-03-03T04:11:00.6543069+05:30" endTime="2026-03-03T04:11:00.6562155+05:30" testType="13cdc9d9-ddb5-4fa4-a97d-d965ccfc6d4b" outcome="Passed" testListId="8c84fa94-04c1-424b-9868-57a2d4851a1d" relativeResultsDirectory="8361596b-9c98-41d2-9be8-f0d26f03ac52" />
    <UnitTestResult executionId="6012ae52-1cf8-46c9-845f-027f3285b03d" testId="1b412a4d-681b-b205-2b88-c3a19dab4df7" testName="invoice_v1.tests.Application.Services.JobServiceTests.GetJobByIdAsync_Found_ReturnsMappedDto" computerName="INHYDL4869" duration="00:00:00.0080398" startTime="2026-03-03T04:11:01.1262011+05:30" endTime="2026-03-03T04:11:01.1339729+05:30" testType="13cdc9d9-ddb5-4fa4-a97d-d965ccfc6d4b" outcome="Passed" testListId="8c84fa94-04c1-424b-9868-57a2d4851a1d" relativeResultsDirectory="6012ae52-1cf8-46c9-845f-027f3285b03d" />
    <UnitTestResult executionId="f2721bfa-7f18-4044-bbfa-0ca1b7549119" testId="b74e5fdf-f4b8-c634-55e8-b9458e097eae" testName="invoice_v1.tests.Application.Services.FileChangeLogServiceTests.GetLogByIdAsync_VendorMismatch_LogsWarning" computerName="INHYDL4869" duration="00:00:00.0035351" startTime="2026-03-03T04:11:01.3191134+05:30" endTime="2026-03-03T04:11:01.3224520+05:30" testType="13cdc9d9-ddb5-4fa4-a97d-d965ccfc6d4b" outcome="Passed" testListId="8c84fa94-04c1-424b-9868-57a2d4851a1d" relativeResultsDirectory="f2721bfa-7f18-4044-bbfa-0ca1b7549119" />
    <UnitTestResult executionId="5c634d7c-cfd8-47b2-9af4-9bf5c8737502" testId="b2cb12ab-f9bd-f08a-db5e-ba84e2addd4b" testName="invoice_v1.tests.Application.Services.FileChangeLogServiceTests.GetLogByIdAsync_NotFound_DoesNotLogWarning" computerName="INHYDL4869" duration="00:00:00.0069205" startTime="2026-03-03T04:11:01.3079462+05:30" endTime="2026-03-03T04:11:01.3147153+05:30" testType="13cdc9d9-ddb5-4fa4-a97d-d965ccfc6d4b" outcome="Passed" testListId="8c84fa94-04c1-424b-9868-57a2d4851a1d" relativeResultsDirectory="5c634d7c-cfd8-47b2-9af4-9bf5c8737502" />
    <UnitTestResult executionId="9d56eef5-07d9-419e-aa6c-679b01f3165c" testId="5de96993-cdf3-3ae6-04e8-5878bb390c22" testName="invoice_v1.tests.Controllers.LogsControllerTests.GetLogById_Exists_ReturnsOk" computerName="INHYDL4869" duration="00:00:00.0077311" startTime="2026-03-03T04:11:00.7789883+05:30" endTime="2026-03-03T04:11:00.7865381+05:30" testType="13cdc9d9-ddb5-4fa4-a97d-d965ccfc6d4b" outcome="Passed" testListId="8c84fa94-04c1-424b-9868-57a2d4851a1d" relativeResultsDirectory="9d56eef5-07d9-419e-aa6c-679b01f3165c" />
    <UnitTestResult executionId="6b3b5a97-f03c-4a84-b28d-707bcaef9811" testId="325de184-0822-ad75-69d3-1a307f828dce" testName="invoice_v1.tests.Controllers.SearchControllerTests.Search_EmptyQuery_ReturnsBadRequest" computerName="INHYDL4869" duration="00:00:00.0017279" startTime="2026-03-03T04:11:00.7006590+05:30" endTime="2026-03-03T04:11:00.7012591+05:30" testType="13cdc9d9-ddb5-4fa4-a97d-d965ccfc6d4b" outcome="Passed" testListId="8c84fa94-04c1-424b-9868-57a2d4851a1d" relativeResultsDirectory="6b3b5a97-f03c-4a84-b28d-707bcaef9811" />
    <UnitTestResult executionId="a7c1413c-2114-4759-b3f9-be82d24756a2" testId="4f33907e-b4ce-3032-d8d7-0284c2205900" testName="invoice_v1.tests.Application.Services.InvoiceServiceTests.GetInvoicesAsync_ReturnsTotalAndMappedDtos" computerName="INHYDL4869" duration="00:00:00.0056980" startTime="2026-03-03T04:11:00.9786817+05:30" endTime="2026-03-03T04:11:00.9841726+05:30" testType="13cdc9d9-ddb5-4fa4-a97d-d965ccfc6d4b" outcome="Passed" testListId="8c84fa94-04c1-424b-9868-57a2d4851a1d" relativeResultsDirectory="a7c1413c-2114-4759-b3f9-be82d24756a2" />
    <UnitTestResult executionId="fb9ad58f-bea6-4cd4-8dc9-ff9650ca2aaf" testId="aa4b26e8-9a2f-7036-bcaf-05145709c7ba" testName="Invoice_v1.UnitTests.FileTypeValidatorTests.Validate_ShouldThrow_ForInvalidMimeType" computerName="INHYDL4869" duration="00:00:00.0016507" startTime="2026-03-03T04:11:00.8507129+05:30" endTime="2026-03-03T04:11:00.8518811+05:30" testType="13cdc9d9-ddb5-4fa4-a97d-d965ccfc6d4b" outcome="Passed" testListId="8c84fa94-04c1-424b-9868-57a2d4851a1d" relativeResultsDirectory="fb9ad58f-bea6-4cd4-8dc9-ff9650ca2aaf" />
    <UnitTestResult executionId="6ee04d5d-d17c-44aa-a1e1-2b0957cf61e8" testId="10edc993-9809-ed99-3725-e6e6856d9f22" testName="invoice_v1.tests.Services.DriveMonitoringServiceTests.DoWork_NewFile_CreatesUploadLog" computerName="INHYDL4869" duration="00:00:00.0142584" startTime="2026-03-03T04:11:02.4524645+05:30" endTime="2026-03-03T04:11:02.4666019+05:30" testType="13cdc9d9-ddb5-4fa4-a97d-d965ccfc6d4b" outcome="Passed" testListId="8c84fa94-04c1-424b-9868-57a2d4851a1d" relativeResultsDirectory="6ee04d5d-d17c-44aa-a1e1-2b0957cf61e8" />
    <UnitTestResult executionId="84c766f8-4f4f-40c4-a8d6-b7fb08d9bdf9" testId="4ee52b6b-a34d-28cc-125a-d6cecdd923b3" testName="invoice_v1.tests.Controllers.AnalyticsControllerTests.GetTrendingProducts_ValidParams_ReturnsOk" computerName="INHYDL4869" duration="00:00:00.0041709" startTime="2026-03-03T04:11:00.7376417+05:30" endTime="2026-03-03T04:11:00.7412710+05:30" testType="13cdc9d9-ddb5-4fa4-a97d-d965ccfc6d4b" outcome="Passed" testListId="8c84fa94-04c1-424b-9868-57a2d4851a1d" relativeResultsDirectory="84c766f8-4f4f-40c4-a8d6-b7fb08d9bdf9" />
    <UnitTestResult executionId="1b3f7edf-e31e-4f4d-9922-43be5d8c4395" testId="cee8450c-a50f-e184-3f2e-e382d4eeac02" testName="invoice_v1.tests.Application.Services.InvalidInvoiceServiceTests.GetInvalidInvoices_InvalidPageSize_NormalizesTo20(badSize: 500)" computerName="INHYDL4869" duration="00:00:00.0041693" startTime="2026-03-03T04:11:00.9859532+05:30" endTime="2026-03-03T04:11:00.9891716+05:30" testType="13cdc9d9-ddb5-4fa4-a97d-d965ccfc6d4b" outcome="Passed" testListId="8c84fa94-04c1-424b-9868-57a2d4851a1d" relativeResultsDirectory="1b3f7edf-e31e-4f4d-9922-43be5d8c4395" />
    <UnitTestResult executionId="0cc04814-3888-461a-89bc-357b7e73041c" testId="42af1425-6bdd-cded-76da-d6fe4cf07c13" testName="invoice_v1.tests.Application.Services.RateLimitServiceTests.ResetAsync_CallsRemoveOnCache" computerName="INHYDL4869" duration="00:00:00.0012155" startTime="2026-03-03T04:11:00.8234579+05:30" endTime="2026-03-03T04:11:00.8239821+05:30" testType="13cdc9d9-ddb5-4fa4-a97d-d965ccfc6d4b" outcome="Passed" testListId="8c84fa94-04c1-424b-9868-57a2d4851a1d" relativeResultsDirectory="0cc04814-3888-461a-89bc-357b7e73041c" />
    <UnitTestResult executionId="dd075407-e3c2-4aa9-90f5-311ae287bc31" testId="a9660996-f60e-e47a-d22a-f7a0b43c2abc" testName="invoicev1.tests.Application.Services.HmacValidatorTests.ComputeHmac_ReturnsValidBase64String" computerName="INHYDL4869" duration="00:00:00.0016045" startTime="2026-03-03T04:11:00.6461180+05:30" endTime="2026-03-03T04:11:00.6476712+05:30" testType="13cdc9d9-ddb5-4fa4-a97d-d965ccfc6d4b" outcome="Passed" testListId="8c84fa94-04c1-424b-9868-57a2d4851a1d" relativeResultsDirectory="dd075407-e3c2-4aa9-90f5-311ae287bc31" />
    <UnitTestResult executionId="03f8dd25-f699-41cc-9929-414be679a40d" testId="d02a05dd-0fc2-99cc-9244-44908cf60c46" testName="Invoice_v1.UnitTests.MagicBytesValidatorTests.Validate_ShouldPass_ForValidPngMagic" computerName="INHYDL4869" duration="00:00:00.0007584" startTime="2026-03-03T04:11:00.6117611+05:30" endTime="2026-03-03T04:11:00.6119221+05:30" testType="13cdc9d9-ddb5-4fa4-a97d-d965ccfc6d4b" outcome="Passed" testListId="8c84fa94-04c1-424b-9868-57a2d4851a1d" relativeResultsDirectory="03f8dd25-f699-41cc-9929-414be679a40d" />
    <UnitTestResult executionId="1de16879-58ac-454d-9490-e20506c8326f" testId="8151c09c-b5fb-5bad-aa01-35ee44e1e3c3" testName="Invoice_v1.UnitTests.AdminUserServiceTests.ApproveUserAsync_ShouldThrow_WhenUserNotFound" computerName="INHYDL4869" duration="00:00:00.0046353" startTime="2026-03-03T04:11:00.7952883+05:30" endTime="2026-03-03T04:11:00.7995574+05:30" testType="13cdc9d9-ddb5-4fa4-a97d-d965ccfc6d4b" outcome="Passed" testListId="8c84fa94-04c1-424b-9868-57a2d4851a1d" relativeResultsDirectory="1de16879-58ac-454d-9490-e20506c8326f" />
    <UnitTestResult executionId="ca6a80a4-f183-416d-af30-256be90492fb" testId="3371b8f8-8ef4-982a-b800-a2b236e8605d" testName="invoice_v1.tests.Application.Services.JobServiceTests.GetJobEntityByIdAsync_NotFound_ReturnsNull" computerName="INHYDL4869" duration="00:00:00.0026958" startTime="2026-03-03T04:11:00.9730361+05:30" endTime="2026-03-03T04:11:00.9754607+05:30" testType="13cdc9d9-ddb5-4fa4-a97d-d965ccfc6d4b" outcome="Passed" testListId="8c84fa94-04c1-424b-9868-57a2d4851a1d" relativeResultsDirectory="ca6a80a4-f183-416d-af30-256be90492fb" />
    <UnitTestResult executionId="da872274-af7f-4e1f-84d0-fc3eb6865cae" testId="42420e3c-1f8b-3b89-4352-2aa82f16fc03" testName="invoice_v1.tests.Controllers.InvoicesControllerTests.GetInvoiceById_VendorOwnsInvoice_ReturnsOk" computerName="INHYDL4869" duration="00:00:00.0099352" startTime="2026-03-03T04:11:00.8047968+05:30" endTime="2026-03-03T04:11:00.8147611+05:30" testType="13cdc9d9-ddb5-4fa4-a97d-d965ccfc6d4b" outcome="Passed" testListId="8c84fa94-04c1-424b-9868-57a2d4851a1d" relativeResultsDirectory="da872274-af7f-4e1f-84d0-fc3eb6865cae" />
    <UnitTestResult executionId="eaabe5df-d3ae-4651-b332-6518f9d246e0" testId="3791b9bb-11d1-c15a-bfee-63b3bda54107" testName="Invoice_v1.UnitTests.PasswordHasherTests.VerifyPassword_ShouldReturnFalse_WhenHashIsTampered" computerName="INHYDL4869" duration="00:00:00.1286168" startTime="2026-03-03T04:11:01.0933800+05:30" endTime="2026-03-03T04:11:01.2208206+05:30" testType="13cdc9d9-ddb5-4fa4-a97d-d965ccfc6d4b" outcome="Passed" testListId="8c84fa94-04c1-424b-9868-57a2d4851a1d" relativeResultsDirectory="eaabe5df-d3ae-4651-b332-6518f9d246e0" />
    <UnitTestResult executionId="936f06fd-7ad8-4d05-8134-781e925dcf01" testId="01830104-c85d-281e-ce0a-692ffcb3659d" testName="invoice_v1.tests.Application.Services.WorkerClientTests.SendCallbackAsync_ErrorStatusCode_ReturnsFalseAndLogsDebug" computerName="INHYDL4869" duration="00:00:00.0238715" startTime="2026-03-03T04:11:00.8276496+05:30" endTime="2026-03-03T04:11:00.8508207+05:30" testType="13cdc9d9-ddb5-4fa4-a97d-d965ccfc6d4b" outcome="Passed" testListId="8c84fa94-04c1-424b-9868-57a2d4851a1d" relativeResultsDirectory="936f06fd-7ad8-4d05-8134-781e925dcf01" />
    <UnitTestResult executionId="f7e80bfd-fcca-4416-ad38-e3c77e4d5e46" testId="4975b7d0-f917-3d7d-1313-9b082735d948" testName="invoice_v1.tests.Services.AnalyticsServiceTests.GetProductSalesByDateRangeAsync_DelegatesToRepo" computerName="INHYDL4869" duration="00:00:00.0103652" startTime="2026-03-03T04:11:01.2994080+05:30" endTime="2026-03-03T04:11:01.3084497+05:30" testType="13cdc9d9-ddb5-4fa4-a97d-d965ccfc6d4b" outcome="Passed" testListId="8c84fa94-04c1-424b-9868-57a2d4851a1d" relativeResultsDirectory="f7e80bfd-fcca-4416-ad38-e3c77e4d5e46" />
    <UnitTestResult executionId="d8e62b64-5954-4d33-b423-5d43510800c3" testId="61bbfe3a-84e2-cf84-b6e2-b7c805cd68d0" testName="invoice_v1.tests.Application.Services.FileChangeLogServiceTests.GetLogsAsync_TotalPagesUseCeiling" computerName="INHYDL4869" duration="00:00:00.0021157" startTime="2026-03-03T04:11:01.2754480+05:30" endTime="2026-03-03T04:11:01.2772890+05:30" testType="13cdc9d9-ddb5-4fa4-a97d-d965ccfc6d4b" outcome="Passed" testListId="8c84fa94-04c1-424b-9868-57a2d4851a1d" relativeResultsDirectory="d8e62b64-5954-4d33-b423-5d43510800c3" />
    <UnitTestResult executionId="a4e5dac9-f166-42e4-8bd6-722a1e4c8cff" testId="b6826fb7-62b9-5432-ff4c-c279762c860c" testName="invoice_v1.tests.Controllers.JobsControllerTests.GetJobById_VendorWithoutAccess_ReturnsForbid" computerName="INHYDL4869" duration="00:00:00.0094119" startTime="2026-03-03T04:11:00.7371782+05:30" endTime="2026-03-03T04:11:00.7460768+05:30" testType="13cdc9d9-ddb5-4fa4-a97d-d965ccfc6d4b" outcome="Passed" testListId="8c84fa94-04c1-424b-9868-57a2d4851a1d" relativeResultsDirectory="a4e5dac9-f166-42e4-8bd6-722a1e4c8cff" />
    <UnitTestResult executionId="82fae925-034e-4f02-bc95-40ce31a32096" testId="0eb0af80-4294-543e-239c-d63413b2d61c" testName="invoice_v1.tests.Application.Services.InvalidInvoiceServiceTests.GetInvalidInvoices_SecurityEntry_MapsFileFields" computerName="INHYDL4869" duration="00:00:00.0035070" startTime="2026-03-03T04:11:01.1200199+05:30" endTime="2026-03-03T04:11:01.1235418+05:30" testType="13cdc9d9-ddb5-4fa4-a97d-d965ccfc6d4b" outcome="Passed" testListId="8c84fa94-04c1-424b-9868-57a2d4851a1d" relativeResultsDirectory="82fae925-034e-4f02-bc95-40ce31a32096" />
    <UnitTestResult executionId="e222c1d6-8691-4860-ac3f-cd3d476a7827" testId="b6237047-2fa7-1621-ba53-7be98f71e1b3" testName="invoice_v1.tests.Application.BackgroundServices.JobRetryServiceTests.ProcessRetries_JobWithWrongStatus_SkipsJob" computerName="INHYDL4869" duration="00:00:00.0142837" startTime="2026-03-03T04:11:02.4135786+05:30" endTime="2026-03-03T04:11:02.4276964+05:30" testType="13cdc9d9-ddb5-4fa4-a97d-d965ccfc6d4b" outcome="Passed" testListId="8c84fa94-04c1-424b-9868-57a2d4851a1d" relativeResultsDirectory="e222c1d6-8691-4860-ac3f-cd3d476a7827" />
    <UnitTestResult executionId="bcd36381-3e5a-4c13-9857-49696e6bb2ab" testId="1dbc8f43-fb5f-d470-120f-f7f0f1aed04c" testName="invoice_v1.tests.Application.Services.JobServiceTests.GetJobsAsync_ValidParams_PassedThrough" computerName="INHYDL4869" duration="00:00:00.0057915" startTime="2026-03-03T04:11:01.1677536+05:30" endTime="2026-03-03T04:11:01.1713715+05:30" testType="13cdc9d9-ddb5-4fa4-a97d-d965ccfc6d4b" outcome="Passed" testListId="8c84fa94-04c1-424b-9868-57a2d4851a1d" relativeResultsDirectory="bcd36381-3e5a-4c13-9857-49696e6bb2ab" />
    <UnitTestResult executionId="d4d7403e-60e8-43ec-9406-f69408ca7295" testId="d7feab51-ea65-bf84-2cf8-d772c24a975c" testName="invoice_v1.tests.Application.Services.FileChangeLogServiceTests.GetLogStatsAsync_EmptyStats_ReturnsZeroTotals" computerName="INHYDL4869" duration="00:00:00.0054209" startTime="2026-03-03T04:11:01.2184681+05:30" endTime="2026-03-03T04:11:01.2225747+05:30" testType="13cdc9d9-ddb5-4fa4-a97d-d965ccfc6d4b" outcome="Passed" testListId="8c84fa94-04c1-424b-9868-57a2d4851a1d" relativeResultsDirectory="d4d7403e-60e8-43ec-9406-f69408ca7295" />
    <UnitTestResult executionId="d3ce377c-05be-4ee8-9855-831f598039cb" testId="4f99aa9a-d0ed-5d3c-73ef-40208e23ff05" testName="invoice_v1.tests.Services.SearchSecurityValidatorTests.ValidateSql_EmptySql_ReturnsFalse" computerName="INHYDL4869" duration="00:00:00.0023268" startTime="2026-03-03T04:11:01.1404588+05:30" endTime="2026-03-03T04:11:01.1413162+05:30" testType="13cdc9d9-ddb5-4fa4-a97d-d965ccfc6d4b" outcome="Passed" testListId="8c84fa94-04c1-424b-9868-57a2d4851a1d" relativeResultsDirectory="d3ce377c-05be-4ee8-9855-831f598039cb" />
    <UnitTestResult executionId="7fe86ca3-c7f5-4496-9c59-17cfbb0173af" testId="0c7d958a-7b20-7e7a-baa8-b800724e49d6" testName="invoice_v1.tests.Controllers.SearchControllerTests.Search_VendorWithInvalidId_ReturnsUnauthorized" computerName="INHYDL4869" duration="00:00:00.1827441" startTime="2026-03-03T04:11:00.5315154+05:30" endTime="2026-03-03T04:11:00.6883087+05:30" testType="13cdc9d9-ddb5-4fa4-a97d-d965ccfc6d4b" outcome="Passed" testListId="8c84fa94-04c1-424b-9868-57a2d4851a1d" relativeResultsDirectory="7fe86ca3-c7f5-4496-9c59-17cfbb0173af" />
    <UnitTestResult executionId="078daae5-0ec2-441f-94f4-61a5db2d64bf" testId="81edaa3b-1b27-230a-6f82-71630f5f20ba" testName="invoice_v1.tests.Application.Services.InvalidInvoiceServiceTests.GetInvalidInvoices_InvalidPageSize_NormalizesTo20(badSize: 101)" computerName="INHYDL4869" duration="00:00:00.0029479" startTime="2026-03-03T04:11:00.9821140+05:30" endTime="2026-03-03T04:11:00.9856502+05:30" testType="13cdc9d9-ddb5-4fa4-a97d-d965ccfc6d4b" outcome="Passed" testListId="8c84fa94-04c1-424b-9868-57a2d4851a1d" relativeResultsDirectory="078daae5-0ec2-441f-94f4-61a5db2d64bf" />
    <UnitTestResult executionId="03e3a0ba-d989-44dc-b04a-e212ef6af532" testId="4cdc0314-78e6-7744-a45f-3821296e09e9" testName="invoice_v1.tests.Application.Services.JobServiceTests.CreateJobFromLogAsync_BlankFileId_ThrowsArgumentException(fileId: &quot;&quot;)" computerName="INHYDL4869" duration="00:00:00.0004058" startTime="2026-03-03T04:11:00.9684190+05:30" endTime="2026-03-03T04:11:00.9685566+05:30" testType="13cdc9d9-ddb5-4fa4-a97d-d965ccfc6d4b" outcome="Passed" testListId="8c84fa94-04c1-424b-9868-57a2d4851a1d" relativeResultsDirectory="03e3a0ba-d989-44dc-b04a-e212ef6af532" />
    <UnitTestResult executionId="eea69921-319f-4ed9-ab1c-71690a9f1a00" testId="e0a62933-9aba-58ef-c5e8-5b0679ece396" testName="invoice_v1.tests.Services.AnalyticsServiceTests.GetRevenueTrendAsync_DelegatesToRepoWithVendorId" computerName="INHYDL4869" duration="00:00:00.0118232" startTime="2026-03-03T04:11:01.2649823+05:30" endTime="2026-03-03T04:11:01.2766250+05:30" testType="13cdc9d9-ddb5-4fa4-a97d-d965ccfc6d4b" outcome="Passed" testListId="8c84fa94-04c1-424b-9868-57a2d4851a1d" relativeResultsDirectory="eea69921-319f-4ed9-ab1c-71690a9f1a00" />
    <UnitTestResult executionId="92d1919e-105b-4745-b007-943f96c3120c" testId="61cdafbd-d8f3-cf67-303b-ccc9a2d52887" testName="invoice_v1.tests.Application.Services.JobServiceTests.CreateJobFromLogAsync_CreatedJob_HasPendingStatus" computerName="INHYDL4869" duration="00:00:00.0033982" startTime="2026-03-03T04:11:01.1343066+05:30" endTime="2026-03-03T04:11:01.1374768+05:30" testType="13cdc9d9-ddb5-4fa4-a97d-d965ccfc6d4b" outcome="Passed" testListId="8c84fa94-04c1-424b-9868-57a2d4851a1d" relativeResultsDirectory="92d1919e-105b-4745-b007-943f96c3120c" />
    <UnitTestResult executionId="91fc642f-296b-4df3-addd-a938a399703c" testId="a6fb6eb9-84e8-4acb-83ba-4e1968ed8581" testName="invoice_v1.tests.Application.Services.InvalidInvoiceServiceTests.GetInvalidInvoices_PassesPageAndPageSizeToFileLogRepo" computerName="INHYDL4869" duration="00:00:00.0025146" startTime="2026-03-03T04:11:01.0895806+05:30" endTime="2026-03-03T04:11:01.0919639+05:30" testType="13cdc9d9-ddb5-4fa4-a97d-d965ccfc6d4b" outcome="Passed" testListId="8c84fa94-04c1-424b-9868-57a2d4851a1d" relativeResultsDirectory="91fc642f-296b-4df3-addd-a938a399703c" />
    <UnitTestResult executionId="ca00fcc2-a95a-44b9-b99b-7dc1efc2f4b7" testId="b3fbab0f-a2e7-f230-53ea-ecd944e540b9" testName="invoicev1.tests.Application.Services.HmacValidatorTests.ValidateHmac_RoundTrip_ReturnsTrue(payload: &quot;{ \&quot;key\&quot;: \&quot;value\&quot; }&quot;)" computerName="INHYDL4869" duration="00:00:00.0000486" startTime="2026-03-03T04:11:00.6603603+05:30" endTime="2026-03-03T04:11:00.6604387+05:30" testType="13cdc9d9-ddb5-4fa4-a97d-d965ccfc6d4b" outcome="Passed" testListId="8c84fa94-04c1-424b-9868-57a2d4851a1d" relativeResultsDirectory="ca00fcc2-a95a-44b9-b99b-7dc1efc2f4b7" />
    <UnitTestResult executionId="0eaea589-b9ad-47e9-9143-5c685bb8ac40" testId="d935cc3e-31cd-ab4d-c717-8325ef3cd580" testName="invoice_v1.tests.Application.Services.ProductServiceTests.GetProductsAsync_InvalidPage_NormalizesTo1(badPage: 0, expectedPage: 1)" computerName="INHYDL4869" duration="00:00:00.0018418" startTime="2026-03-03T04:11:00.8746188+05:30" endTime="2026-03-03T04:11:00.8763288+05:30" testType="13cdc9d9-ddb5-4fa4-a97d-d965ccfc6d4b" outcome="Passed" testListId="8c84fa94-04c1-424b-9868-57a2d4851a1d" relativeResultsDirectory="0eaea589-b9ad-47e9-9143-5c685bb8ac40" />
    <UnitTestResult executionId="2ceb91d1-84a8-4f4b-928e-b6405ff737b7" testId="004c9728-3d0f-c1c7-206f-97770b954d51" testName="invoice_v1.tests.Application.Services.FileChangeLogServiceTests.GetLogsAsync_CalculatesSkipCorrectly(page: 1, pageSize: 10, expectedSkip: 0)" computerName="INHYDL4869" duration="00:00:00.0108852" startTime="2026-03-03T04:11:01.1884347+05:30" endTime="2026-03-03T04:11:01.1990573+05:30" testType="13cdc9d9-ddb5-4fa4-a97d-d965ccfc6d4b" outcome="Passed" testListId="8c84fa94-04c1-424b-9868-57a2d4851a1d" relativeResultsDirectory="2ceb91d1-84a8-4f4b-928e-b6405ff737b7" />
    <UnitTestResult executionId="09735237-d3d3-4ec9-b5fa-634dd20d52b3" testId="9bffbb8b-d53b-99b2-5538-80599c5609ec" testName="invoice_v1.tests.Application.Services.JobServiceTests.MarkFailedAsync_JobNotFound_Throws" computerName="INHYDL4869" duration="00:00:00.0017491" startTime="2026-03-03T04:11:01.1970591+05:30" endTime="2026-03-03T04:11:01.1980263+05:30" testType="13cdc9d9-ddb5-4fa4-a97d-d965ccfc6d4b" outcome="Passed" testListId="8c84fa94-04c1-424b-9868-57a2d4851a1d" relativeResultsDirectory="09735237-d3d3-4ec9-b5fa-634dd20d52b3" />
    <UnitTestResult executionId="3434027e-cc2f-4068-aa41-091692d9f791" testId="2826fbd6-4b4f-0b52-ab6c-58432511f68e" testName="invoice_v1.tests.Application.Services.InvalidInvoiceServiceTests.GetInvalidInvoices_ExtractionEntry_MapsFileFields" computerName="INHYDL4869" duration="00:00:00.0031843" startTime="2026-03-03T04:11:01.0872940+05:30" endTime="2026-03-03T04:11:01.0893735+05:30" testType="13cdc9d9-ddb5-4fa4-a97d-d965ccfc6d4b" outcome="Passed" testListId="8c84fa94-04c1-424b-9868-57a2d4851a1d" relativeResultsDirectory="3434027e-cc2f-4068-aa41-091692d9f791" />
    <UnitTestResult executionId="72622207-c91d-4185-926f-dad52645f818" testId="1d285c7c-dfc4-b34c-5be5-becb12af6008" testName="invoice_v1.tests.Application.Services.InvoiceServiceTests.CreateOrUpdate_NewProduct_CallsProductCreateAsync" computerName="INHYDL4869" duration="00:00:00.0046390" startTime="2026-03-03T04:11:01.1909228+05:30" endTime="2026-03-03T04:11:01.1953246+05:30" testType="13cdc9d9-ddb5-4fa4-a97d-d965ccfc6d4b" outcome="Passed" testListId="8c84fa94-04c1-424b-9868-57a2d4851a1d" relativeResultsDirectory="72622207-c91d-4185-926f-dad52645f818" />
    <UnitTestResult executionId="26641272-3194-4dbb-99ac-cd809d1c3168" testId="eeeee711-baa9-6b90-6445-fb08c0d60de3" testName="invoice_v1.tests.Application.Services.InvoiceServiceTests.GetInvoiceByIdAsync_NotFound_ReturnsNull" computerName="INHYDL4869" duration="00:00:00.0028209" startTime="2026-03-03T04:11:01.2852992+05:30" endTime="2026-03-03T04:11:01.2881454+05:30" testType="13cdc9d9-ddb5-4fa4-a97d-d965ccfc6d4b" outcome="Passed" testListId="8c84fa94-04c1-424b-9868-57a2d4851a1d" relativeResultsDirectory="26641272-3194-4dbb-99ac-cd809d1c3168" />
    <UnitTestResult executionId="c43d4d2b-9186-4c01-a608-f98b096faab7" testId="2d9c1023-4585-e3f6-9d71-2a0516b6ee66" testName="invoice_v1.tests.Application.Services.InvoiceServiceTests.GetInvoiceByIdAsync_Found_MapsLineItems" computerName="INHYDL4869" duration="00:00:00.0058557" startTime="2026-03-03T04:11:01.0678784+05:30" endTime="2026-03-03T04:11:01.0735251+05:30" testType="13cdc9d9-ddb5-4fa4-a97d-d965ccfc6d4b" outcome="Passed" testListId="8c84fa94-04c1-424b-9868-57a2d4851a1d" relativeResultsDirectory="c43d4d2b-9186-4c01-a608-f98b096faab7" />
    <UnitTestResult executionId="1c1dbc01-9136-4b6b-ba55-62d79357946b" testId="6ea6206c-4711-0613-fdd8-a875e86addc4" testName="invoice_v1.tests.Application.BackgroundServices.JobCreationServiceTests.DoWork_WithHealthyLogs_CreatesJobsAndMarksProcessed" computerName="INHYDL4869" duration="00:00:00.0196383" startTime="2026-03-03T04:11:02.0223977+05:30" endTime="2026-03-03T04:11:02.0419931+05:30" testType="13cdc9d9-ddb5-4fa4-a97d-d965ccfc6d4b" outcome="Passed" testListId="8c84fa94-04c1-424b-9868-57a2d4851a1d" relativeResultsDirectory="1c1dbc01-9136-4b6b-ba55-62d79357946b" />
    <UnitTestResult executionId="a2c9c362-b030-472d-8862-8b6654e1ae92" testId="d66c1a8d-b5b0-a7a4-2d7d-abd08fa6ecd1" testName="invoice_v1.tests.Services.AnalyticsServiceTests.GetTrendingProductsAsync_DelegatesToRepo" computerName="INHYDL4869" duration="00:00:00.0061840" startTime="2026-03-03T04:11:01.2586680+05:30" endTime="2026-03-03T04:11:01.2647065+05:30" testType="13cdc9d9-ddb5-4fa4-a97d-d965ccfc6d4b" outcome="Passed" testListId="8c84fa94-04c1-424b-9868-57a2d4851a1d" relativeResultsDirectory="a2c9c362-b030-472d-8862-8b6654e1ae92" />
    <UnitTestResult executionId="94fb2251-4d6d-4aa3-8c14-d8a6c896acd9" testId="346362bb-feaa-9364-bbf1-aefb3ba81763" testName="invoice_v1.tests.Services.DriveMonitoringServiceTests.DoWork_RestoredFile_DetectsUploadAfterDeletion" computerName="INHYDL4869" duration="00:00:00.0251143" startTime="2026-03-03T04:11:02.4002515+05:30" endTime="2026-03-03T04:11:02.4253160+05:30" testType="13cdc9d9-ddb5-4fa4-a97d-d965ccfc6d4b" outcome="Passed" testListId="8c84fa94-04c1-424b-9868-57a2d4851a1d" relativeResultsDirectory="94fb2251-4d6d-4aa3-8c14-d8a6c896acd9" />
    <UnitTestResult executionId="885ce419-8e88-4fc1-966a-db4047f8f4ec" testId="5787a104-07a2-f88e-f47e-b8087834b192" testName="invoice_v1.tests.Application.Services.JobServiceTests.CanVendorAccessJobAsync_UploaderMismatch_ReturnsFalse" computerName="INHYDL4869" duration="00:00:00.0030725" startTime="2026-03-03T04:11:01.1757835+05:30" endTime="2026-03-03T04:11:01.1775828+05:30" testType="13cdc9d9-ddb5-4fa4-a97d-d965ccfc6d4b" outcome="Passed" testListId="8c84fa94-04c1-424b-9868-57a2d4851a1d" relativeResultsDirectory="885ce419-8e88-4fc1-966a-db4047f8f4ec" />
    <UnitTestResult executionId="e3ad7f2b-1c48-45c4-897f-69b102e31b9b" testId="840faa2d-478d-22ff-455e-d89f6ff6337c" testName="invoice_v1.tests.Application.Services.JobServiceTests.RequeueJobAsync_TerminalStatus_ResetsJobToPending(terminalStatus: &quot;INVALID&quot;)" computerName="INHYDL4869" duration="00:00:00.0029614" startTime="2026-03-03T04:11:01.1460283+05:30" endTime="2026-03-03T04:11:01.1480387+05:30" testType="13cdc9d9-ddb5-4fa4-a97d-d965ccfc6d4b" outcome="Passed" testListId="8c84fa94-04c1-424b-9868-57a2d4851a1d" relativeResultsDirectory="e3ad7f2b-1c48-45c4-897f-69b102e31b9b" />
    <UnitTestResult executionId="00c5ceda-c520-408b-9699-dcb081ac448e" testId="f7b61752-7113-3ef4-7c97-ea89d53eca1c" testName="invoice_v1.tests.Application.Services.InvoiceServiceTests.CreateOrUpdate_LineItemInvalidQuantity_IsSkipped(qty: 0)" computerName="INHYDL4869" duration="00:00:00.0039267" startTime="2026-03-03T04:11:01.0981064+05:30" endTime="2026-03-03T04:11:01.1005000+05:30" testType="13cdc9d9-ddb5-4fa4-a97d-d965ccfc6d4b" outcome="Passed" testListId="8c84fa94-04c1-424b-9868-57a2d4851a1d" relativeResultsDirectory="00c5ceda-c520-408b-9699-dcb081ac448e" />
    <UnitTestResult executionId="52a1160e-c186-435c-877f-80c379020671" testId="4acdd75a-1c43-8640-29f0-bc74ee0523f2" testName="invoice_v1.tests.Application.Services.InvoiceServiceTests.CreateOrUpdate_NewProduct_SingleCategory_SetsOnlyPrimary" computerName="INHYDL4869" duration="00:00:00.0100332" startTime="2026-03-03T04:11:01.0287923+05:30" endTime="2026-03-03T04:11:01.0383237+05:30" testType="13cdc9d9-ddb5-4fa4-a97d-d965ccfc6d4b" outcome="Passed" testListId="8c84fa94-04c1-424b-9868-57a2d4851a1d" relativeResultsDirectory="52a1160e-c186-435c-877f-80c379020671" />
    <UnitTestResult executionId="5850d6a0-0ee1-46fb-bf23-8b3e5f2ddb56" testId="40e647dc-0496-26fc-43d4-cd6cba3b1966" testName="invoice_v1.tests.Application.Services.InvoiceServiceTests.CreateOrUpdate_OnException_DoesNotCommit" computerName="INHYDL4869" duration="00:00:00.0061164" startTime="2026-03-03T04:11:01.0001080+05:30" endTime="2026-03-03T04:11:01.0058788+05:30" testType="13cdc9d9-ddb5-4fa4-a97d-d965ccfc6d4b" outcome="Passed" testListId="8c84fa94-04c1-424b-9868-57a2d4851a1d" relativeResultsDirectory="5850d6a0-0ee1-46fb-bf23-8b3e5f2ddb56" />
    <UnitTestResult executionId="b6ae69d7-2fc1-4359-922d-4504d50697a5" testId="5aa6eeeb-3229-d100-53e9-7a1aaf8e2a62" testName="Invoice_v1.UnitTests.JwtTokenServiceTests.TokenValidation_ShouldFail_WhenExpired" computerName="INHYDL4869" duration="00:00:00.0020823" startTime="2026-03-03T04:11:01.1234314+05:30" endTime="2026-03-03T04:11:01.1252512+05:30" testType="13cdc9d9-ddb5-4fa4-a97d-d965ccfc6d4b" outcome="Passed" testListId="8c84fa94-04c1-424b-9868-57a2d4851a1d" relativeResultsDirectory="b6ae69d7-2fc1-4359-922d-4504d50697a5" />
    <UnitTestResult executionId="de73a450-da3d-46b3-9ba9-5dce44de9452" testId="8bf2ec85-bf19-2b0b-c356-56d151fd8b29" testName="Invoice_v1.UnitTests.TokenCountValidatorTests.ValidateAsync_ShouldPass_ForImageUnderLimit" computerName="INHYDL4869" duration="00:00:00.4905034" startTime="2026-03-03T04:11:00.7873330+05:30" endTime="2026-03-03T04:11:01.2791439+05:30" testType="13cdc9d9-ddb5-4fa4-a97d-d965ccfc6d4b" outcome="Passed" testListId="8c84fa94-04c1-424b-9868-57a2d4851a1d" relativeResultsDirectory="de73a450-da3d-46b3-9ba9-5dce44de9452" />
    <UnitTestResult executionId="7fadfd4b-aabb-40bc-9966-c67f056f9f5f" testId="815dc8a6-c7a2-79c8-3735-ac8d9f79991a" testName="invoice_v1.tests.Application.Services.FileChangeLogServiceTests.GetLogStatsAsync_ByChangeType_MapsAllFields" computerName="INHYDL4869" duration="00:00:00.0029972" startTime="2026-03-03T04:11:01.3048210+05:30" endTime="2026-03-03T04:11:01.3076219+05:30" testType="13cdc9d9-ddb5-4fa4-a97d-d965ccfc6d4b" outcome="Passed" testListId="8c84fa94-04c1-424b-9868-57a2d4851a1d" relativeResultsDirectory="7fadfd4b-aabb-40bc-9966-c67f056f9f5f" />
    <UnitTestResult executionId="121ff73f-177d-46ab-8ffd-260ffd34ba14" testId="dcc04333-fbab-f3f7-3647-c0ee7bcff598" testName="invoice_v1.tests.Application.Services.JobServiceTests.GetJobEntityByIdAsync_Found_ReturnsEntity" computerName="INHYDL4869" duration="00:00:00.0021981" startTime="2026-03-03T04:11:01.1038935+05:30" endTime="2026-03-03T04:11:01.1057840+05:30" testType="13cdc9d9-ddb5-4fa4-a97d-d965ccfc6d4b" outcome="Passed" testListId="8c84fa94-04c1-424b-9868-57a2d4851a1d" relativeResultsDirectory="121ff73f-177d-46ab-8ffd-260ffd34ba14" />
    <UnitTestResult executionId="9806cbf4-fa61-4e8f-a357-59bc3f62db53" testId="5444bbfc-7e65-e7b7-3188-e5ba78a68924" testName="invoice_v1.tests.Controllers.ProductsControllerTests.GetCategories_ReturnsList" computerName="INHYDL4869" duration="00:00:00.0103651" startTime="2026-03-03T04:11:00.8779946+05:30" endTime="2026-03-03T04:11:00.8884472+05:30" testType="13cdc9d9-ddb5-4fa4-a97d-d965ccfc6d4b" outcome="Passed" testListId="8c84fa94-04c1-424b-9868-57a2d4851a1d" relativeResultsDirectory="9806cbf4-fa61-4e8f-a357-59bc3f62db53" />
    <UnitTestResult executionId="a29008c2-bad9-4f0b-92f8-34e59b324d52" testId="cdee89f4-7cf0-2329-a360-aff02a2de373" testName="invoice_v1.tests.Services.AnalyticsServiceTests.GetCategorySalesAsync_DelegatesToRepo" computerName="INHYDL4869" duration="00:00:00.0164981" startTime="2026-03-03T04:11:01.2122348+05:30" endTime="2026-03-03T04:11:01.2285227+05:30" testType="13cdc9d9-ddb5-4fa4-a97d-d965ccfc6d4b" outcome="Passed" testListId="8c84fa94-04c1-424b-9868-57a2d4851a1d" relativeResultsDirectory="a29008c2-bad9-4f0b-92f8-34e59b324d52" />
    <UnitTestResult executionId="d928005b-4463-45a8-b646-311925fe86f3" testId="cadd8ba6-29cb-dda8-01e2-d97c56f73506" testName="invoice_v1.tests.Controllers.AuthControllerTests.Login_MissingFields_ReturnsBadRequest" computerName="INHYDL4869" duration="00:00:00.0012753" startTime="2026-03-03T04:11:01.3973615+05:30" endTime="2026-03-03T04:11:01.3983572+05:30" testType="13cdc9d9-ddb5-4fa4-a97d-d965ccfc6d4b" outcome="Passed" testListId="8c84fa94-04c1-424b-9868-57a2d4851a1d" relativeResultsDirectory="d928005b-4463-45a8-b646-311925fe86f3" />
    <UnitTestResult executionId="04638462-c4dc-40d4-9006-b916407b200d" testId="9ba16f06-8f6b-69ac-0478-b67e6ab0d2c0" testName="Invoice_v1.UnitTests.VirusTotalScannerTests.ScanAsync_ShouldComputeConsistentHash" computerName="INHYDL4869" duration="00:00:00.0029107" startTime="2026-03-03T04:11:00.9334571+05:30" endTime="2026-03-03T04:11:00.9360915+05:30" testType="13cdc9d9-ddb5-4fa4-a97d-d965ccfc6d4b" outcome="Passed" testListId="8c84fa94-04c1-424b-9868-57a2d4851a1d" relativeResultsDirectory="04638462-c4dc-40d4-9006-b916407b200d" />
    <UnitTestResult executionId="1608b28f-556c-44bc-9839-8d6411ed5b6e" testId="9b3b8503-1864-063b-7c06-0ae926c77a5d" testName="invoice_v1.tests.Application.Services.InvalidInvoiceServiceTests.GetInvalidInvoices_SecurityEntry_CreatedAtMapsFromDetectedAt" computerName="INHYDL4869" duration="00:00:00.0056435" startTime="2026-03-03T04:11:01.1708465+05:30" endTime="2026-03-03T04:11:01.1736832+05:30" testType="13cdc9d9-ddb5-4fa4-a97d-d965ccfc6d4b" outcome="Passed" testListId="8c84fa94-04c1-424b-9868-57a2d4851a1d" relativeResultsDirectory="1608b28f-556c-44bc-9839-8d6411ed5b6e" />
    <UnitTestResult executionId="c19a4589-ceef-4ceb-8897-87b75545572e" testId="b7dea533-1345-2b9f-7100-bb8235f0a68f" testName="invoice_v1.tests.Application.Services.FileChangeLogServiceTests.GetLogsAsync_CalculatesSkipCorrectly(page: 5, pageSize: 20, expectedSkip: 80)" computerName="INHYDL4869" duration="00:00:00.0066794" startTime="2026-03-03T04:11:01.1995064+05:30" endTime="2026-03-03T04:11:01.2057294+05:30" testType="13cdc9d9-ddb5-4fa4-a97d-d965ccfc6d4b" outcome="Passed" testListId="8c84fa94-04c1-424b-9868-57a2d4851a1d" relativeResultsDirectory="c19a4589-ceef-4ceb-8897-87b75545572e" />
    <UnitTestResult executionId="8e38e61d-94d8-4c26-befc-041baea9109b" testId="3f3302fd-b038-9ddc-abbf-183551068d94" testName="Invoice_v1.UnitTests.MagicBytesValidatorTests.Validate_ShouldThrow_WhenFileTooShort" computerName="INHYDL4869" duration="00:00:00.0013813" startTime="2026-03-03T04:11:00.6007574+05:30" endTime="2026-03-03T04:11:00.6008433+05:30" testType="13cdc9d9-ddb5-4fa4-a97d-d965ccfc6d4b" outcome="Passed" testListId="8c84fa94-04c1-424b-9868-57a2d4851a1d" relativeResultsDirectory="8e38e61d-94d8-4c26-befc-041baea9109b" />
    <UnitTestResult executionId="47b99102-6cc7-44b7-8905-0607447ca0e2" testId="66a66620-8d6f-790b-a070-15fc2fe1a81c" testName="invoice_v1.tests.Controllers.InvoicesControllerTests.GetInvoiceById_VendorDoesNotOwnInvoice_ReturnsForbid" computerName="INHYDL4869" duration="00:00:00.0200933" startTime="2026-03-03T04:11:00.8473700+05:30" endTime="2026-03-03T04:11:00.8521274+05:30" testType="13cdc9d9-ddb5-4fa4-a97d-d965ccfc6d4b" outcome="Passed" testListId="8c84fa94-04c1-424b-9868-57a2d4851a1d" relativeResultsDirectory="47b99102-6cc7-44b7-8905-0607447ca0e2" />
    <UnitTestResult executionId="f423403a-8c27-4477-91df-5c2d69695d08" testId="6ffd4f2a-a4c4-2cee-944c-9084c593fdde" testName="invoice_v1.tests.Controllers.CallbackControllerTests.HandleCallback_JobAlreadyProcessed_ReturnsOkIdempotent" computerName="INHYDL4869" duration="00:00:00.0103515" startTime="2026-03-03T04:11:00.8502723+05:30" endTime="2026-03-03T04:11:00.8593531+05:30" testType="13cdc9d9-ddb5-4fa4-a97d-d965ccfc6d4b" outcome="Passed" testListId="8c84fa94-04c1-424b-9868-57a2d4851a1d" relativeResultsDirectory="f423403a-8c27-4477-91df-5c2d69695d08" />
    <UnitTestResult executionId="c66cafac-a1ca-4846-9a62-f6f42e46429b" testId="ff4b6e09-9072-af58-e9ff-b8f7a5fe2101" testName="invoicev1.tests.Application.Services.HmacValidatorTests.ComputeHmac_DifferentInputs_ReturnDifferentOutputs" computerName="INHYDL4869" duration="00:00:00.0005172" startTime="2026-03-03T04:11:00.6693788+05:30" endTime="2026-03-03T04:11:00.6697911+05:30" testType="13cdc9d9-ddb5-4fa4-a97d-d965ccfc6d4b" outcome="Passed" testListId="8c84fa94-04c1-424b-9868-57a2d4851a1d" relativeResultsDirectory="c66cafac-a1ca-4846-9a62-f6f42e46429b" />
    <UnitTestResult executionId="7e83f094-f9a1-4c60-b92a-95128cfeef16" testId="da185309-3702-e0a6-241c-f00568a60922" testName="invoice_v1.tests.Controllers.JobsControllerTests.GetJobs_InvalidStatus_ReturnsBadRequest" computerName="INHYDL4869" duration="00:00:00.0014841" startTime="2026-03-03T04:11:00.7464678+05:30" endTime="2026-03-03T04:11:00.7476422+05:30" testType="13cdc9d9-ddb5-4fa4-a97d-d965ccfc6d4b" outcome="Passed" testListId="8c84fa94-04c1-424b-9868-57a2d4851a1d" relativeResultsDirectory="7e83f094-f9a1-4c60-b92a-95128cfeef16" />
    <UnitTestResult executionId="84bcedd1-7319-4ba1-b11f-ddf27863bbbb" testId="26dd4a8e-724d-598a-354d-3dcf329c9ff4" testName="invoice_v1.tests.Controllers.JobsControllerTests.RequeueJob_GeneralException_Returns500" computerName="INHYDL4869" duration="00:00:00.1887438" startTime="2026-03-03T04:11:00.5315783+05:30" endTime="2026-03-03T04:11:00.6942615+05:30" testType="13cdc9d9-ddb5-4fa4-a97d-d965ccfc6d4b" outcome="Passed" testListId="8c84fa94-04c1-424b-9868-57a2d4851a1d" relativeResultsDirectory="84bcedd1-7319-4ba1-b11f-ddf27863bbbb" />
    <UnitTestResult executionId="13543762-c611-4983-a1e0-d65173459d5b" testId="7575c032-b6f5-560f-0f43-4c2121388dba" testName="Invoice_v1.UnitTests.VirusTotalScannerTests.ScanAsync_ShouldFailOpen_OnNonSuccessStatus" computerName="INHYDL4869" duration="00:00:00.0046372" startTime="2026-03-03T04:11:00.9229949+05:30" endTime="2026-03-03T04:11:00.9272440+05:30" testType="13cdc9d9-ddb5-4fa4-a97d-d965ccfc6d4b" outcome="Passed" testListId="8c84fa94-04c1-424b-9868-57a2d4851a1d" relativeResultsDirectory="13543762-c611-4983-a1e0-d65173459d5b" />
    <UnitTestResult executionId="0521e017-aa0a-47d3-bff2-9618ebc43dc2" testId="6a9990fb-7c31-a9c3-4a0b-615ef10fe619" testName="invoicev1.tests.Application.Services.HmacValidatorTests.ComputeHmac_DifferentSecret_ProducesDifferentHash" computerName="INHYDL4869" duration="00:00:00.0050796" startTime="2026-03-03T04:11:00.6634032+05:30" endTime="2026-03-03T04:11:00.6674358+05:30" testType="13cdc9d9-ddb5-4fa4-a97d-d965ccfc6d4b" outcome="Passed" testListId="8c84fa94-04c1-424b-9868-57a2d4851a1d" relativeResultsDirectory="0521e017-aa0a-47d3-bff2-9618ebc43dc2" />
    <UnitTestResult executionId="49d1f527-8d8e-4edb-82a2-e587a1cc3a72" testId="b943dee0-b251-9e46-5778-a4248be506dd" testName="Invoice_v1.UnitTests.MagicBytesValidatorTests.Validate_ShouldPass_ForValidJpegVariants(variant: 232)" computerName="INHYDL4869" duration="00:00:00.0003087" startTime="2026-03-03T04:11:00.5997243+05:30" endTime="2026-03-03T04:11:00.5998186+05:30" testType="13cdc9d9-ddb5-4fa4-a97d-d965ccfc6d4b" outcome="Passed" testListId="8c84fa94-04c1-424b-9868-57a2d4851a1d" relativeResultsDirectory="49d1f527-8d8e-4edb-82a2-e587a1cc3a72" />
    <UnitTestResult executionId="eec85884-e0d9-4e76-b6c8-10b0ac822543" testId="a9175c97-3e5d-3cbd-c737-85f2a8012650" testName="invoice_v1.tests.Application.Services.FileChangeLogServiceTests.GetLogsAsync_EmptyResult_ReturnsEmptyLogs" computerName="INHYDL4869" duration="00:00:00.0059179" startTime="2026-03-03T04:11:01.2295814+05:30" endTime="2026-03-03T04:11:01.2353482+05:30" testType="13cdc9d9-ddb5-4fa4-a97d-d965ccfc6d4b" outcome="Passed" testListId="8c84fa94-04c1-424b-9868-57a2d4851a1d" relativeResultsDirectory="eec85884-e0d9-4e76-b6c8-10b0ac822543" />
    <UnitTestResult executionId="0e810a23-35c7-4e47-8db1-83218f11e9f8" testId="d003542c-9623-628d-9c48-0c1ebe3ff277" testName="invoice_v1.tests.Application.Services.InvalidInvoiceServiceTests.GetInvalidInvoices_ExtractionEntry_TypeIsExtractionFailure" computerName="INHYDL4869" duration="00:00:00.0036765" startTime="2026-03-03T04:11:01.1355611+05:30" endTime="2026-03-03T04:11:01.1388795+05:30" testType="13cdc9d9-ddb5-4fa4-a97d-d965ccfc6d4b" outcome="Passed" testListId="8c84fa94-04c1-424b-9868-57a2d4851a1d" relativeResultsDirectory="0e810a23-35c7-4e47-8db1-83218f11e9f8" />
    <UnitTestResult executionId="3e3e298a-0325-4aa6-8c5a-9f9edf2a49f3" testId="9b101a2c-8683-fe06-6641-844566520f22" testName="invoice_v1.tests.Application.Services.FileChangeLogServiceTests.GetLogsAsync_InvalidPageSize_NormalizesTo50(badSize: 101)" computerName="INHYDL4869" duration="00:00:00.0047536" startTime="2026-03-03T04:11:01.2533364+05:30" endTime="2026-03-03T04:11:01.2579720+05:30" testType="13cdc9d9-ddb5-4fa4-a97d-d965ccfc6d4b" outcome="Passed" testListId="8c84fa94-04c1-424b-9868-57a2d4851a1d" relativeResultsDirectory="3e3e298a-0325-4aa6-8c5a-9f9edf2a49f3" />
    <UnitTestResult executionId="ad946df9-138d-4fc4-aff3-3415ff0ec130" testId="87200013-e34d-5562-141a-4c5823cc7ea9" testName="invoice_v1.tests.Application.Services.InvalidInvoiceServiceTests.GetInvalidInvoices_SecurityEntry_IdHasSecPrefix" computerName="INHYDL4869" duration="00:00:00.0038912" startTime="2026-03-03T04:11:01.1271847+05:30" endTime="2026-03-03T04:11:01.1308965+05:30" testType="13cdc9d9-ddb5-4fa4-a97d-d965ccfc6d4b" outcome="Passed" testListId="8c84fa94-04c1-424b-9868-57a2d4851a1d" relativeResultsDirectory="ad946df9-138d-4fc4-aff3-3415ff0ec130" />
    <UnitTestResult executionId="33cd13b5-02b8-4b5b-9f08-2c5f5c74fb3c" testId="d413d0a2-95fb-be56-91c8-18ff5ece3db4" testName="Invoice_v1.UnitTests.FileTypeValidatorTests.Validate_ShouldThrow_WhenExtensionMissing" computerName="INHYDL4869" duration="00:00:00.0035416" startTime="2026-03-03T04:11:00.8231487+05:30" endTime="2026-03-03T04:11:00.8261051+05:30" testType="13cdc9d9-ddb5-4fa4-a97d-d965ccfc6d4b" outcome="Passed" testListId="8c84fa94-04c1-424b-9868-57a2d4851a1d" relativeResultsDirectory="33cd13b5-02b8-4b5b-9f08-2c5f5c74fb3c" />
    <UnitTestResult executionId="d5c6409d-46dd-491d-915c-b3e5b6b1cceb" testId="68ee4602-aafe-397d-99bd-bdc7ce9c2759" testName="invoice_v1.tests.Controllers.AnalyticsControllerTests.GetRevenueTrend_AdminRole_UsesVendorIdParam" computerName="INHYDL4869" duration="00:00:00.0110448" startTime="2026-03-03T04:11:00.7083552+05:30" endTime="2026-03-03T04:11:00.7192488+05:30" testType="13cdc9d9-ddb5-4fa4-a97d-d965ccfc6d4b" outcome="Passed" testListId="8c84fa94-04c1-424b-9868-57a2d4851a1d" relativeResultsDirectory="d5c6409d-46dd-491d-915c-b3e5b6b1cceb" />
    <UnitTestResult executionId="921744b8-ee89-41c2-a702-16eea3276c84" testId="c7338893-971a-e2dc-102a-46b3ed8a2bac" testName="invoice_v1.tests.Application.Services.WorkerClientTests.SendCallbackAsync_DefaultUrl_WhenConfigMissing" computerName="INHYDL4869" duration="00:00:00.0068531" startTime="2026-03-03T04:11:00.8124922+05:30" endTime="2026-03-03T04:11:00.8182728+05:30" testType="13cdc9d9-ddb5-4fa4-a97d-d965ccfc6d4b" outcome="Passed" testListId="8c84fa94-04c1-424b-9868-57a2d4851a1d" relativeResultsDirectory="921744b8-ee89-41c2-a702-16eea3276c84" />
    <UnitTestResult executionId="14b8226e-82f1-4814-a172-ca004035571e" testId="9e38e6cd-b379-f3db-75bf-f1b8c06fcbd2" testName="invoice_v1.tests.Services.SearchSecurityValidatorTests.ValidateSql_BlockedKeyword_ReturnsFalse" computerName="INHYDL4869" duration="00:00:00.0001887" startTime="2026-03-03T04:11:01.1588514+05:30" endTime="2026-03-03T04:11:01.1589742+05:30" testType="13cdc9d9-ddb5-4fa4-a97d-d965ccfc6d4b" outcome="Passed" testListId="8c84fa94-04c1-424b-9868-57a2d4851a1d" relativeResultsDirectory="14b8226e-82f1-4814-a172-ca004035571e" />
    <UnitTestResult executionId="f1df5e13-d742-4751-b098-5967664a5377" testId="d4557d71-6bbd-01b6-c04f-3d47dcfabc2b" testName="invoice_v1.tests.Application.Services.InvoiceServiceTests.CreateOrUpdate_NewInvoice_CallsSaveChangesAsync" computerName="INHYDL4869" duration="00:00:00.0065923" startTime="2026-03-03T04:11:01.0738487+05:30" endTime="2026-03-03T04:11:01.0811085+05:30" testType="13cdc9d9-ddb5-4fa4-a97d-d965ccfc6d4b" outcome="Passed" testListId="8c84fa94-04c1-424b-9868-57a2d4851a1d" relativeResultsDirectory="f1df5e13-d742-4751-b098-5967664a5377" />
    <UnitTestResult executionId="6d56237e-6c73-4f0f-bde9-e02a4fdb4132" testId="2b332ddf-419c-b863-fbad-3dcdca7329d3" testName="invoice_v1.tests.Application.Services.RateLimitServiceTests.IsRateLimitedAsync_AtLimit_ReturnsTrueAndLogsWarning" computerName="INHYDL4869" duration="00:00:00.0067740" startTime="2026-03-03T04:11:00.8678974+05:30" endTime="2026-03-03T04:11:00.8747024+05:30" testType="13cdc9d9-ddb5-4fa4-a97d-d965ccfc6d4b" outcome="Passed" testListId="8c84fa94-04c1-424b-9868-57a2d4851a1d" relativeResultsDirectory="6d56237e-6c73-4f0f-bde9-e02a4fdb4132" />
    <UnitTestResult executionId="03ca2ced-07fd-456f-a850-d53b0a84c1c9" testId="9a95df98-492f-eed9-b501-cef99b2784cb" testName="invoice_v1.tests.Application.Services.JobServiceTests.CanVendorAccessJobAsync_UploaderMissing_ReturnsFalse" computerName="INHYDL4869" duration="00:00:00.0020810" startTime="2026-03-03T04:11:01.1915640+05:30" endTime="2026-03-03T04:11:01.1934158+05:30" testType="13cdc9d9-ddb5-4fa4-a97d-d965ccfc6d4b" outcome="Passed" testListId="8c84fa94-04c1-424b-9868-57a2d4851a1d" relativeResultsDirectory="03ca2ced-07fd-456f-a850-d53b0a84c1c9" />
    <UnitTestResult executionId="6277fcc8-ffd6-4c48-8eb3-8a2cba53d73c" testId="2b426371-714d-0363-1a37-df69b399e8ed" testName="Invoice_v1.UnitTests.VirusTotalScannerTests.ScanAsync_ShouldReturnFlagged_WhenMalicious" computerName="INHYDL4869" duration="00:00:00.0218204" startTime="2026-03-03T04:11:00.9008606+05:30" endTime="2026-03-03T04:11:00.9224859+05:30" testType="13cdc9d9-ddb5-4fa4-a97d-d965ccfc6d4b" outcome="Passed" testListId="8c84fa94-04c1-424b-9868-57a2d4851a1d" relativeResultsDirectory="6277fcc8-ffd6-4c48-8eb3-8a2cba53d73c" />
    <UnitTestResult executionId="bee98902-90cd-46aa-aa4e-40bc8d01174f" testId="6ed2f808-81c6-b98d-dedd-497d1879ddb9" testName="invoice_v1.tests.Application.Services.JobServiceTests.CreateJobFromLogAsync_BlankFileName_ThrowsArgumentException(fileName: null)" computerName="INHYDL4869" duration="00:00:00.0000978" startTime="2026-03-03T04:11:01.1035258+05:30" endTime="2026-03-03T04:11:01.1036209+05:30" testType="13cdc9d9-ddb5-4fa4-a97d-d965ccfc6d4b" outcome="Passed" testListId="8c84fa94-04c1-424b-9868-57a2d4851a1d" relativeResultsDirectory="bee98902-90cd-46aa-aa4e-40bc8d01174f" />
    <UnitTestResult executionId="ad81d803-3209-4333-86b1-204b0bac667c" testId="d2d03675-8666-723f-6a5c-ce6d9afeaa4e" testName="invoicev1.tests.Application.Services.HmacValidatorTests.ValidateHmac_EmptyStringPayload_StillProducesConsistentResult" computerName="INHYDL4869" duration="00:00:00.0001774" startTime="2026-03-03T04:11:00.6579409+05:30" endTime="2026-03-03T04:11:00.6580320+05:30" testType="13cdc9d9-ddb5-4fa4-a97d-d965ccfc6d4b" outcome="Passed" testListId="8c84fa94-04c1-424b-9868-57a2d4851a1d" relativeResultsDirectory="ad81d803-3209-4333-86b1-204b0bac667c" />
    <UnitTestResult executionId="58972197-66fe-46ca-8ddd-6996a33a9a08" testId="3fa7a667-062e-306c-fdd9-490b8f624d79" testName="invoice_v1.tests.Application.Services.InvalidInvoiceServiceTests.GetInvalidInvoices_BothEmpty_ReturnsEmptyData" computerName="INHYDL4869" duration="00:00:00.0023471" startTime="2026-03-03T04:11:01.0965292+05:30" endTime="2026-03-03T04:11:01.0986308+05:30" testType="13cdc9d9-ddb5-4fa4-a97d-d965ccfc6d4b" outcome="Passed" testListId="8c84fa94-04c1-424b-9868-57a2d4851a1d" relativeResultsDirectory="58972197-66fe-46ca-8ddd-6996a33a9a08" />
    <UnitTestResult executionId="9a1fbf5b-a452-4c7c-95ac-05c6570b1245" testId="0ef4bfd5-e5bc-4c21-752c-77d8bfb84592" testName="Invoice_v1.UnitTests.AdminBootstrapServiceTests.EnsureAdminExistsAsync_ShouldCreateAdmin_WhenOnlySoftDeletedExists" computerName="INHYDL4869" duration="00:00:00.0448330" startTime="2026-03-03T04:11:01.6728383+05:30" endTime="2026-03-03T04:11:01.7127690+05:30" testType="13cdc9d9-ddb5-4fa4-a97d-d965ccfc6d4b" outcome="Failed" testListId="8c84fa94-04c1-424b-9868-57a2d4851a1d" relativeResultsDirectory="9a1fbf5b-a452-4c7c-95ac-05c6570b1245">
      <Output>
        <ErrorInfo>
          <Message>System.InvalidOperationException : The 'JsonDocument' property 'JobQueue.ResultJson' could not be mapped because the database provider does not support this type. Consider converting the property value to a type supported by the database using a value converter. See https://aka.ms/efcore-docs-value-converters for more information. Alternately, exclude the property from the model using the '[NotMapped]' attribute or by using 'EntityTypeBuilder.Ignore' in 'OnModelCreating'.</Message>
          <StackTrace>   at Microsoft.EntityFrameworkCore.Infrastructure.ModelValidator.ThrowPropertyNotMappedException(String propertyType, IConventionTypeBase structuralType, IConventionProperty unmappedProperty)&#xD;
   at Microsoft.EntityFrameworkCore.Infrastructure.ModelValidator.ValidatePropertyMapping(IConventionTypeBase structuralType, IConventionModel model, IDiagnosticsLogger`1 logger)&#xD;
   at Microsoft.EntityFrameworkCore.Infrastructure.ModelValidator.ValidatePropertyMapping(IModel model, IDiagnosticsLogger`1 logger)&#xD;
   at Microsoft.EntityFrameworkCore.Infrastructure.ModelValidator.Validate(IModel model, IDiagnosticsLogger`1 logger)&#xD;
   at Microsoft.EntityFrameworkCore.InMemory.Infrastructure.Internal.InMemoryModelValidator.Validate(IModel model, IDiagnosticsLogger`1 logger)&#xD;
   at Microsoft.EntityFrameworkCore.Infrastructure.ModelRuntimeInitializer.Initialize(IModel model, Boolean designTime, IDiagnosticsLogger`1 validationLogger)&#xD;
   at Microsoft.EntityFrameworkCore.Infrastructure.ModelSource.CreateModel(DbContext context, ModelCreationDependencies modelCreationDependencies, Boolean designTime)&#xD;
   at Microsoft.EntityFrameworkCore.Infrastructure.ModelSource.GetModel(DbContext context, ModelCreationDependencies modelCreationDependencies, Boolean designTime)&#xD;
   at Microsoft.EntityFrameworkCore.Internal.DbContextServices.CreateModel(Boolean designTime)&#xD;
   at Microsoft.EntityFrameworkCore.Internal.DbContextServices.get_Model()&#xD;
   at Microsoft.EntityFrameworkCore.Infrastructure.EntityFrameworkServicesBuilder.&lt;&gt;c.&lt;TryAddCoreServices&gt;b__8_4(IServiceProvider p)&#xD;
   at Microsoft.Extensions.DependencyInjection.ServiceLookup.CallSiteRuntimeResolver.VisitCache(ServiceCallSite callSite, RuntimeResolverContext context, ServiceProviderEngineScope serviceProviderEngine, RuntimeResolverLock lockType)&#xD;
   at Microsoft.Extensions.DependencyInjection.ServiceLookup.CallSiteRuntimeResolver.VisitScopeCache(ServiceCallSite callSite, RuntimeResolverContext context)&#xD;
   at Microsoft.Extensions.DependencyInjection.ServiceLookup.CallSiteRuntimeResolver.VisitConstructor(ConstructorCallSite constructorCallSite, RuntimeResolverContext context)&#xD;
   at Microsoft.Extensions.DependencyInjection.ServiceLookup.CallSiteRuntimeResolver.VisitCache(ServiceCallSite callSite, RuntimeResolverContext context, ServiceProviderEngineScope serviceProviderEngine, RuntimeResolverLock lockType)&#xD;
   at Microsoft.Extensions.DependencyInjection.ServiceLookup.CallSiteRuntimeResolver.VisitScopeCache(ServiceCallSite callSite, RuntimeResolverContext context)&#xD;
   at Microsoft.Extensions.DependencyInjection.ServiceLookup.CallSiteRuntimeResolver.VisitConstructor(ConstructorCallSite constructorCallSite, RuntimeResolverContext context)&#xD;
   at Microsoft.Extensions.DependencyInjection.ServiceLookup.CallSiteRuntimeResolver.VisitCache(ServiceCallSite callSite, RuntimeResolverContext context, ServiceProviderEngineScope serviceProviderEngine, RuntimeResolverLock lockType)&#xD;
   at Microsoft.Extensions.DependencyInjection.ServiceLookup.CallSiteRuntimeResolver.VisitScopeCache(ServiceCallSite callSite, RuntimeResolverContext context)&#xD;
   at Microsoft.Extensions.DependencyInjection.ServiceLookup.CallSiteRuntimeResolver.VisitConstructor(ConstructorCallSite constructorCallSite, RuntimeResolverContext context)&#xD;
   at Microsoft.Extensions.DependencyInjection.ServiceLookup.CallSiteRuntimeResolver.VisitCache(ServiceCallSite callSite, RuntimeResolverContext context, ServiceProviderEngineScope serviceProviderEngine, RuntimeResolverLock lockType)&#xD;
   at Microsoft.Extensions.DependencyInjection.ServiceLookup.CallSiteRuntimeResolver.VisitScopeCache(ServiceCallSite callSite, RuntimeResolverContext context)&#xD;
   at Microsoft.Extensions.DependencyInjection.ServiceLookup.CallSiteRuntimeResolver.VisitConstructor(ConstructorCallSite constructorCallSite, RuntimeResolverContext context)&#xD;
   at Microsoft.Extensions.DependencyInjection.ServiceLookup.CallSiteRuntimeResolver.VisitCache(ServiceCallSite callSite, RuntimeResolverContext context, ServiceProviderEngineScope serviceProviderEngine, RuntimeResolverLock lockType)&#xD;
   at Microsoft.Extensions.DependencyInjection.ServiceLookup.CallSiteRuntimeResolver.VisitScopeCache(ServiceCallSite callSite, RuntimeResolverContext context)&#xD;
   at Microsoft.Extensions.DependencyInjection.ServiceLookup.CallSiteRuntimeResolver.VisitConstructor(ConstructorCallSite constructorCallSite, RuntimeResolverContext context)&#xD;
   at Microsoft.Extensions.DependencyInjection.ServiceLookup.CallSiteRuntimeResolver.VisitCache(ServiceCallSite callSite, RuntimeResolverContext context, ServiceProviderEngineScope serviceProviderEngine, RuntimeResolverLock lockType)&#xD;
   at Microsoft.Extensions.DependencyInjection.ServiceLookup.CallSiteRuntimeResolver.VisitScopeCache(ServiceCallSite callSite, RuntimeResolverContext context)&#xD;
   at Microsoft.Extensions.DependencyInjection.ServiceLookup.CallSiteRuntimeResolver.Resolve(ServiceCallSite callSite, ServiceProviderEngineScope scope)&#xD;
   at Microsoft.Extensions.DependencyInjection.ServiceLookup.DynamicServiceProviderEngine.&lt;&gt;c__DisplayClass2_0.&lt;RealizeService&gt;b__0(ServiceProviderEngineScope scope)&#xD;
   at Microsoft.Extensions.DependencyInjection.ServiceProvider.GetService(ServiceIdentifier serviceIdentifier, ServiceProviderEngineScope serviceProviderEngineScope)&#xD;
   at Microsoft.Extensions.DependencyInjection.ServiceLookup.ServiceProviderEngineScope.GetService(Type serviceType)&#xD;
   at Microsoft.Extensions.DependencyInjection.ServiceProviderServiceExtensions.GetRequiredService(IServiceProvider provider, Type serviceType)&#xD;
   at Microsoft.Extensions.DependencyInjection.ServiceProviderServiceExtensions.GetRequiredService[T](IServiceProvider provider)&#xD;
   at Microsoft.EntityFrameworkCore.DbContext.get_DbContextDependencies()&#xD;
   at Microsoft.EntityFrameworkCore.DbContext.get_ContextServices()&#xD;
   at Microsoft.EntityFrameworkCore.DbContext.get_InternalServiceProvider()&#xD;
   at Microsoft.EntityFrameworkCore.DbContext.get_DbContextDependencies()&#xD;
   at Microsoft.EntityFrameworkCore.DbContext.Set[TEntity]()&#xD;
   at invoice_v1.src.Infrastructure.Data.ApplicationDbContext.get_Users() in C:\Users\vivek.singh\OneDrive - AVEVA Solutions Limited\vivek_projects\invoice-poc\backend\src\Infrastructure\Data\ApplicationDbContext.cs:line 13&#xD;
   at Invoice_v1.UnitTests.AdminBootstrapServiceTests.EnsureAdminExistsAsync_ShouldCreateAdmin_WhenOnlySoftDeletedExists() in C:\Users\vivek.singh\OneDrive - AVEVA Solutions Limited\vivek_projects\invoice-poc\tests\Invoice-v1.UnitTests\Application\Services\AdminBootstrapServiceTests.cs:line 113&#xD;
--- End of stack trace from previous location ---</StackTrace>
        </ErrorInfo>
      </Output>
    </UnitTestResult>
    <UnitTestResult executionId="4d2318e1-ecbb-4deb-aa63-93b23d829c4c" testId="25ef48fb-4e68-6689-1818-dddb2f39b07d" testName="invoice_v1.tests.Application.Services.InvoiceServiceTests.CreateOrUpdate_DiscountAbsent_NullsDiscountFields" computerName="INHYDL4869" duration="00:00:00.0056562" startTime="2026-03-03T04:11:01.2051935+05:30" endTime="2026-03-03T04:11:01.2096639+05:30" testType="13cdc9d9-ddb5-4fa4-a97d-d965ccfc6d4b" outcome="Passed" testListId="8c84fa94-04c1-424b-9868-57a2d4851a1d" relativeResultsDirectory="4d2318e1-ecbb-4deb-aa63-93b23d829c4c" />
    <UnitTestResult executionId="3b0595ef-190c-446e-9bf4-c3e2fc32a832" testId="1f45a3a3-aa0b-3a0c-da57-72a7809959f8" testName="invoice_v1.tests.Controllers.AdminControllerTests.PromoteUser_ValidId_ReturnsOk" computerName="INHYDL4869" duration="00:00:00.0071175" startTime="2026-03-03T04:11:00.9294606+05:30" endTime="2026-03-03T04:11:00.9353904+05:30" testType="13cdc9d9-ddb5-4fa4-a97d-d965ccfc6d4b" outcome="Passed" testListId="8c84fa94-04c1-424b-9868-57a2d4851a1d" relativeResultsDirectory="3b0595ef-190c-446e-9bf4-c3e2fc32a832" />
    <UnitTestResult executionId="3940f0fe-5deb-487a-827a-94de3ab790cf" testId="af4c09a8-a49d-fc7d-fcbc-9832f6abfc9e" testName="invoice_v1.tests.Services.SearchSecurityValidatorTests.ValidateSql_VendorMissingVendorIdInSql_ReturnsFalse" computerName="INHYDL4869" duration="00:00:00.0006377" startTime="2026-03-03T04:11:01.1574256+05:30" endTime="2026-03-03T04:11:01.1575457+05:30" testType="13cdc9d9-ddb5-4fa4-a97d-d965ccfc6d4b" outcome="Passed" testListId="8c84fa94-04c1-424b-9868-57a2d4851a1d" relativeResultsDirectory="3940f0fe-5deb-487a-827a-94de3ab790cf" />
    <UnitTestResult executionId="bf62ec81-8fd2-4f62-8e8f-254bc84fde34" testId="96cda3a2-503e-2db3-238b-2785d0f1f975" testName="invoice_v1.tests.Application.Services.InvalidInvoiceServiceTests.GetInvalidInvoices_ExtractionEntry_MapsReasonFromJsonDocument" computerName="INHYDL4869" duration="00:00:00.0068451" startTime="2026-03-03T04:11:01.0473976+05:30" endTime="2026-03-03T04:11:01.0547096+05:30" testType="13cdc9d9-ddb5-4fa4-a97d-d965ccfc6d4b" outcome="Passed" testListId="8c84fa94-04c1-424b-9868-57a2d4851a1d" relativeResultsDirectory="bf62ec81-8fd2-4f62-8e8f-254bc84fde34" />
    <UnitTestResult executionId="6e2eea3f-ea2d-45b8-a227-e8e16f81dc83" testId="8eca1df2-e0c5-101a-172d-2060d2d460bd" testName="invoice_v1.tests.Application.Services.InvoiceServiceTests.GetInvoicesAsync_PassesVendorIdToRepository" computerName="INHYDL4869" duration="00:00:00.0054036" startTime="2026-03-03T04:11:01.0869740+05:30" endTime="2026-03-03T04:11:01.0907297+05:30" testType="13cdc9d9-ddb5-4fa4-a97d-d965ccfc6d4b" outcome="Passed" testListId="8c84fa94-04c1-424b-9868-57a2d4851a1d" relativeResultsDirectory="6e2eea3f-ea2d-45b8-a227-e8e16f81dc83" />
    <UnitTestResult executionId="6c2e8567-2190-4438-bb52-7c57fdcdf6d7" testId="9ebcb5ee-bb5c-e5b8-3844-c9df058e0648" testName="invoice_v1.tests.Application.Services.JobServiceTests.CreateInvalidInvoiceFromJobAsync_MissingFileId_LogsWarningAndReturns" computerName="INHYDL4869" duration="00:00:00.0045597" startTime="2026-03-03T04:11:01.0419378+05:30" endTime="2026-03-03T04:11:01.0456905+05:30" testType="13cdc9d9-ddb5-4fa4-a97d-d965ccfc6d4b" outcome="Passed" testListId="8c84fa94-04c1-424b-9868-57a2d4851a1d" relativeResultsDirectory="6c2e8567-2190-4438-bb52-7c57fdcdf6d7" />
    <UnitTestResult executionId="3829dfa3-d5f3-4be8-abc4-48b7e295251e" testId="8eb6bcad-9357-f9f7-31fa-08bfd5d0de4d" testName="Invoice_v1.UnitTests.MagicBytesValidatorTests.Validate_ShouldThrow_ForUnsupportedMimeType" computerName="INHYDL4869" duration="00:00:00.0017613" startTime="2026-03-03T04:11:00.6004484+05:30" endTime="2026-03-03T04:11:00.6005357+05:30" testType="13cdc9d9-ddb5-4fa4-a97d-d965ccfc6d4b" outcome="Passed" testListId="8c84fa94-04c1-424b-9868-57a2d4851a1d" relativeResultsDirectory="3829dfa3-d5f3-4be8-abc4-48b7e295251e" />
    <UnitTestResult executionId="cf59481d-a315-48b3-a644-cac6cb2d9394" testId="c50a3994-5bf1-01c4-95a4-0a1e74156f24" testName="Invoice_v1.UnitTests.VendorInvoiceServiceTests.UploadInvoiceAsync_ShouldThrow_WhenRateLimited" computerName="INHYDL4869" duration="00:00:00.0048970" startTime="2026-03-03T04:11:00.8622826+05:30" endTime="2026-03-03T04:11:00.8658959+05:30" testType="13cdc9d9-ddb5-4fa4-a97d-d965ccfc6d4b" outcome="Passed" testListId="8c84fa94-04c1-424b-9868-57a2d4851a1d" relativeResultsDirectory="cf59481d-a315-48b3-a644-cac6cb2d9394" />
    <UnitTestResult executionId="ac203b0e-c898-4e8c-82ae-e6caef0ffcd0" testId="1d5666bf-dfb8-98c5-67ef-de69927e82d7" testName="invoice_v1.tests.Application.Services.InvoiceServiceTests.CreateOrUpdate_SameProductTwoLines_IncrementsInvoiceCountOnce" computerName="INHYDL4869" duration="00:00:00.0044960" startTime="2026-03-03T04:11:01.2381730+05:30" endTime="2026-03-03T04:11:01.2424523+05:30" testType="13cdc9d9-ddb5-4fa4-a97d-d965ccfc6d4b" outcome="Passed" testListId="8c84fa94-04c1-424b-9868-57a2d4851a1d" relativeResultsDirectory="ac203b0e-c898-4e8c-82ae-e6caef0ffcd0" />
    <UnitTestResult executionId="14f9737a-34d1-449b-8e79-39d440b62759" testId="c48780bc-1055-76c1-b211-b61beba9a4d3" testName="invoice_v1.tests.Services.SearchSecurityValidatorTests.SanitiseInput_SqlInjection_ThrowsInvalidOperation" computerName="INHYDL4869" duration="00:00:00.0013236" startTime="2026-03-03T04:11:01.1664901+05:30" endTime="2026-03-03T04:11:01.1665936+05:30" testType="13cdc9d9-ddb5-4fa4-a97d-d965ccfc6d4b" outcome="Passed" testListId="8c84fa94-04c1-424b-9868-57a2d4851a1d" relativeResultsDirectory="14f9737a-34d1-449b-8e79-39d440b62759" />
    <UnitTestResult executionId="601dbde1-adab-42bd-9248-9a4351cb1f87" testId="ac5d49b9-81a2-e064-8d67-fc5e61cb9773" testName="invoice_v1.tests.Controllers.LogsControllerTests.GetLogStats_ReturnsStatsFromService" computerName="INHYDL4869" duration="00:00:00.0078605" startTime="2026-03-03T04:11:00.7720019+05:30" endTime="2026-03-03T04:11:00.7786857+05:30" testType="13cdc9d9-ddb5-4fa4-a97d-d965ccfc6d4b" outcome="Passed" testListId="8c84fa94-04c1-424b-9868-57a2d4851a1d" relativeResultsDirectory="601dbde1-adab-42bd-9248-9a4351cb1f87" />
    <UnitTestResult executionId="585a4e63-fda4-41ef-8af9-31b42ea6ba13" testId="f3a449c9-8ff8-7f85-6e20-e194ff5170e6" testName="invoice_v1.tests.Application.Services.JobServiceTests.GetJobsAsync_PageSizeLessThan1_NormalizesTo10(badSize: 0)" computerName="INHYDL4869" duration="00:00:00.0035086" startTime="2026-03-03T04:11:01.0372318+05:30" endTime="2026-03-03T04:11:01.0404840+05:30" testType="13cdc9d9-ddb5-4fa4-a97d-d965ccfc6d4b" outcome="Passed" testListId="8c84fa94-04c1-424b-9868-57a2d4851a1d" relativeResultsDirectory="585a4e63-fda4-41ef-8af9-31b42ea6ba13" />
    <UnitTestResult executionId="d491a80f-b6b9-40c5-99b5-a131bb31e61c" testId="1ffa9e17-388e-4648-9b56-42cb93c73e40" testName="invoice_v1.tests.Application.BackgroundServices.JobRetryServiceTests.ProcessRetries_NullNextRetryAt_SkipsJob" computerName="INHYDL4869" duration="00:00:01.1311860" startTime="2026-03-03T04:11:01.1777314+05:30" endTime="2026-03-03T04:11:02.3086833+05:30" testType="13cdc9d9-ddb5-4fa4-a97d-d965ccfc6d4b" outcome="Passed" testListId="8c84fa94-04c1-424b-9868-57a2d4851a1d" relativeResultsDirectory="d491a80f-b6b9-40c5-99b5-a131bb31e61c" />
    <UnitTestResult executionId="796b83da-1dba-4b01-bd19-388f63ff9125" testId="94e7c626-5142-e949-8c8b-c6fffac7d324" testName="invoice_v1.tests.Application.Services.JobServiceTests.CreateJobFromLogAsync_ActiveJobExists_SkipsCreation(activeStatus: &quot;COMPLETED&quot;)" computerName="INHYDL4869" duration="00:00:00.0004394" startTime="2026-03-03T04:11:01.0247766+05:30" endTime="2026-03-03T04:11:01.0249876+05:30" testType="13cdc9d9-ddb5-4fa4-a97d-d965ccfc6d4b" outcome="Passed" testListId="8c84fa94-04c1-424b-9868-57a2d4851a1d" relativeResultsDirectory="796b83da-1dba-4b01-bd19-388f63ff9125" />
    <UnitTestResult executionId="cbaa14c5-7286-423a-859f-5f254f7981df" testId="78d6e170-c8da-1531-31f9-fecb6f437c3f" testName="invoicev1.tests.Application.Services.HmacValidatorTests.ComputeHmac_UnicodePayload_ValidateHmacRoundTrips" computerName="INHYDL4869" duration="00:00:00.0001655" startTime="2026-03-03T04:11:00.6608422+05:30" endTime="2026-03-03T04:11:00.6609587+05:30" testType="13cdc9d9-ddb5-4fa4-a97d-d965ccfc6d4b" outcome="Passed" testListId="8c84fa94-04c1-424b-9868-57a2d4851a1d" relativeResultsDirectory="cbaa14c5-7286-423a-859f-5f254f7981df" />
    <UnitTestResult executionId="ab718d6b-a6a9-4f62-b414-fdc3f7fc078d" testId="a72ded77-66b1-69e5-124a-5025d8e99377" testName="invoice_v1.tests.Application.Services.InvoiceServiceTests.CreateOrUpdate_CurrencyPresent_UsesProvidedValue" computerName="INHYDL4869" duration="00:00:00.4087288" startTime="2026-03-03T04:11:00.5314899+05:30" endTime="2026-03-03T04:11:00.9205034+05:30" testType="13cdc9d9-ddb5-4fa4-a97d-d965ccfc6d4b" outcome="Passed" testListId="8c84fa94-04c1-424b-9868-57a2d4851a1d" relativeResultsDirectory="ab718d6b-a6a9-4f62-b414-fdc3f7fc078d" />
    <UnitTestResult executionId="7e20075c-3945-41a7-880d-9bdffc1f8ad4" testId="3bbbe9d7-b44d-d742-f374-f978280bca98" testName="invoice_v1.tests.Application.Services.InvalidInvoiceServiceTests.GetInvalidInvoices_InvalidPageSize_NormalizesTo20(badSize: -5)" computerName="INHYDL4869" duration="00:00:00.0285111" startTime="2026-03-03T04:11:00.9653263+05:30" endTime="2026-03-03T04:11:00.9770799+05:30" testType="13cdc9d9-ddb5-4fa4-a97d-d965ccfc6d4b" outcome="Passed" testListId="8c84fa94-04c1-424b-9868-57a2d4851a1d" relativeResultsDirectory="7e20075c-3945-41a7-880d-9bdffc1f8ad4" />
    <UnitTestResult executionId="8d0def58-cfb0-43ca-81d1-4444806a59fa" testId="f392f0a0-0780-5d2c-b728-a9179d9f137f" testName="Invoice_v1.UnitTests.AuthServiceTests.LoginAsync_ShouldReturnToken_WhenCredentialsAreValid" computerName="INHYDL4869" duration="00:00:00.0228058" startTime="2026-03-03T04:11:00.9826738+05:30" endTime="2026-03-03T04:11:01.0056526+05:30" testType="13cdc9d9-ddb5-4fa4-a97d-d965ccfc6d4b" outcome="Passed" testListId="8c84fa94-04c1-424b-9868-57a2d4851a1d" relativeResultsDirectory="8d0def58-cfb0-43ca-81d1-4444806a59fa" />
    <UnitTestResult executionId="0b2a4772-8fbe-4719-95fa-c384db41688c" testId="2ac080f6-745f-057f-8a59-1bb51592b13a" testName="invoice_v1.tests.Application.Services.InvalidInvoiceServiceTests.GetInvalidInvoices_SecurityEntry_JobIdIsNull" computerName="INHYDL4869" duration="00:00:00.0058432" startTime="2026-03-03T04:11:01.1402451+05:30" endTime="2026-03-03T04:11:01.1447762+05:30" testType="13cdc9d9-ddb5-4fa4-a97d-d965ccfc6d4b" outcome="Passed" testListId="8c84fa94-04c1-424b-9868-57a2d4851a1d" relativeResultsDirectory="0b2a4772-8fbe-4719-95fa-c384db41688c" />
    <UnitTestResult executionId="006198b8-9bb0-4c27-88dd-8455ad39978e" testId="ccc047ad-9deb-03e6-b1e5-367e23275739" testName="invoice_v1.tests.Application.Services.ProductServiceTests.GetProductsAsync_InvalidPage_NormalizesTo1(badPage: -1, expectedPage: 1)" computerName="INHYDL4869" duration="00:00:00.0169069" startTime="2026-03-03T04:11:00.8589308+05:30" endTime="2026-03-03T04:11:00.8743812+05:30" testType="13cdc9d9-ddb5-4fa4-a97d-d965ccfc6d4b" outcome="Passed" testListId="8c84fa94-04c1-424b-9868-57a2d4851a1d" relativeResultsDirectory="006198b8-9bb0-4c27-88dd-8455ad39978e" />
    <UnitTestResult executionId="1b4f104f-64b8-42b5-88cf-f9c51f222bd6" testId="1d5e26e5-e9ff-dbf4-04a7-c690795ac14d" testName="invoice_v1.tests.Services.SearchSecurityValidatorTests.ValidateSql_MissingLimit_ReturnsFalse" computerName="INHYDL4869" duration="00:00:00.0005196" startTime="2026-03-03T04:11:01.1508744+05:30" endTime="2026-03-03T04:11:01.1510410+05:30" testType="13cdc9d9-ddb5-4fa4-a97d-d965ccfc6d4b" outcome="Passed" testListId="8c84fa94-04c1-424b-9868-57a2d4851a1d" relativeResultsDirectory="1b4f104f-64b8-42b5-88cf-f9c51f222bd6" />
    <UnitTestResult executionId="7f72e6d8-23fb-4140-8fe8-a3f76afe2d13" testId="8a948127-8a22-5de8-6ade-abbadb9633ce" testName="invoice_v1.tests.Services.GoogleDriveHealthCheckTests.CheckHealthAsync_WhenHealthy_ReturnsHealthyResult" computerName="INHYDL4869" duration="00:00:00.0028436" startTime="2026-03-03T04:11:00.7348034+05:30" endTime="2026-03-03T04:11:00.7361217+05:30" testType="13cdc9d9-ddb5-4fa4-a97d-d965ccfc6d4b" outcome="Passed" testListId="8c84fa94-04c1-424b-9868-57a2d4851a1d" relativeResultsDirectory="7f72e6d8-23fb-4140-8fe8-a3f76afe2d13" />
    <UnitTestResult executionId="cd9319e1-12e2-4946-8b07-b8f24a561278" testId="beda5bb6-a7b5-baf1-b709-eadd20201eb6" testName="invoice_v1.tests.Services.DriveMonitoringServiceTests.DoWork_ExistingFileInDB_PreventsDuplicateUploadLog" computerName="INHYDL4869" duration="00:00:00.0256689" startTime="2026-03-03T04:11:02.3745679+05:30" endTime="2026-03-03T04:11:02.4001013+05:30" testType="13cdc9d9-ddb5-4fa4-a97d-d965ccfc6d4b" outcome="Passed" testListId="8c84fa94-04c1-424b-9868-57a2d4851a1d" relativeResultsDirectory="cd9319e1-12e2-4946-8b07-b8f24a561278" />
    <UnitTestResult executionId="8ff54033-be53-4fbc-9d45-5291a397a0b1" testId="d11c5151-cf24-f9ed-f3df-c4d86aaf0d0f" testName="invoice_v1.tests.Application.Services.JobServiceTests.CreateJobFromLogAsync_BlankFileId_ThrowsArgumentException(fileId: &quot;   &quot;)" computerName="INHYDL4869" duration="00:00:00.0001213" startTime="2026-03-03T04:11:00.9687456+05:30" endTime="2026-03-03T04:11:00.9688652+05:30" testType="13cdc9d9-ddb5-4fa4-a97d-d965ccfc6d4b" outcome="Passed" testListId="8c84fa94-04c1-424b-9868-57a2d4851a1d" relativeResultsDirectory="8ff54033-be53-4fbc-9d45-5291a397a0b1" />
    <UnitTestResult executionId="3adeffb7-6c97-4544-8a3d-1b5ea2da3c6c" testId="0e3017fe-e2f3-e87e-290e-a7698da41f9d" testName="invoice_v1.tests.Controllers.InvoicesControllerTests.GetInvoiceById_AdminAccess_ReturnsOkEvenIfOwnedByOther" computerName="INHYDL4869" duration="00:00:00.0040596" startTime="2026-03-03T04:11:00.8151284+05:30" endTime="2026-03-03T04:11:00.8188979+05:30" testType="13cdc9d9-ddb5-4fa4-a97d-d965ccfc6d4b" outcome="Passed" testListId="8c84fa94-04c1-424b-9868-57a2d4851a1d" relativeResultsDirectory="3adeffb7-6c97-4544-8a3d-1b5ea2da3c6c" />
    <UnitTestResult executionId="70cb61aa-e2d0-437b-a1f7-0d443477b3a0" testId="f6845daa-32e5-4e72-d6f1-884d2a8954f6" testName="invoice_v1.tests.Application.Services.InvoiceServiceTests.CreateOrUpdate_InvoiceDateOlder_DoesNotUpdateLastSoldDate" computerName="INHYDL4869" duration="00:00:00.0093759" startTime="2026-03-03T04:11:01.2474755+05:30" endTime="2026-03-03T04:11:01.2566228+05:30" testType="13cdc9d9-ddb5-4fa4-a97d-d965ccfc6d4b" outcome="Passed" testListId="8c84fa94-04c1-424b-9868-57a2d4851a1d" relativeResultsDirectory="70cb61aa-e2d0-437b-a1f7-0d443477b3a0" />
    <UnitTestResult executionId="58027bc7-0c47-4a96-a030-1e8d760a4b16" testId="11e0b751-5628-f9ca-7f52-1f22bfdb77fb" testName="invoice_v1.tests.Application.Services.FileChangeLogServiceTests.GetLogStatsAsync_ReturnsTotalFilesFromCount" computerName="INHYDL4869" duration="00:00:00.0022089" startTime="2026-03-03T04:11:01.2581728+05:30" endTime="2026-03-03T04:11:01.2599756+05:30" testType="13cdc9d9-ddb5-4fa4-a97d-d965ccfc6d4b" outcome="Passed" testListId="8c84fa94-04c1-424b-9868-57a2d4851a1d" relativeResultsDirectory="58027bc7-0c47-4a96-a030-1e8d760a4b16" />
    <UnitTestResult executionId="4ce9cc58-00dd-4034-ab71-5a2b2a7f96c2" testId="5b27bc64-f593-202f-9c85-aef579ef12f3" testName="invoice_v1.tests.Application.Services.JobServiceTests.CreateJobFromLogAsync_CreatedJob_HasCorrectJobType" computerName="INHYDL4869" duration="00:00:00.0031714" startTime="2026-03-03T04:11:01.0749648+05:30" endTime="2026-03-03T04:11:01.0779685+05:30" testType="13cdc9d9-ddb5-4fa4-a97d-d965ccfc6d4b" outcome="Passed" testListId="8c84fa94-04c1-424b-9868-57a2d4851a1d" relativeResultsDirectory="4ce9cc58-00dd-4034-ab71-5a2b2a7f96c2" />
    <UnitTestResult executionId="515302da-2d14-4d92-ae0b-94869b0384b5" testId="7acf687e-c20e-379e-d86b-a7e86ce60dc4" testName="invoice_v1.tests.Services.AnalyticsServiceTests.GetProductTimeSeriesAsync_DistinctInvoiceCount_NotLineItemCount" computerName="INHYDL4869" duration="00:00:00.0042995" startTime="2026-03-03T04:11:01.2889028+05:30" endTime="2026-03-03T04:11:01.2930426+05:30" testType="13cdc9d9-ddb5-4fa4-a97d-d965ccfc6d4b" outcome="Passed" testListId="8c84fa94-04c1-424b-9868-57a2d4851a1d" relativeResultsDirectory="515302da-2d14-4d92-ae0b-94869b0384b5" />
    <UnitTestResult executionId="e07b8dec-4807-456e-8600-8fa394dd06a1" testId="9fea1aad-b14b-1061-c783-2561226b736d" testName="invoice_v1.tests.Application.Services.InvoiceServiceTests.CreateOrUpdate_NewInvoice_SetsUploadedByVendorId" computerName="INHYDL4869" duration="00:00:00.0062392" startTime="2026-03-03T04:11:01.2669711+05:30" endTime="2026-03-03T04:11:01.2726633+05:30" testType="13cdc9d9-ddb5-4fa4-a97d-d965ccfc6d4b" outcome="Passed" testListId="8c84fa94-04c1-424b-9868-57a2d4851a1d" relativeResultsDirectory="e07b8dec-4807-456e-8600-8fa394dd06a1" />
    <UnitTestResult executionId="b72d845b-7527-4682-9542-745b2487baa3" testId="5270bded-a0df-4f7e-380e-1cfd996c9d08" testName="invoice_v1.tests.Application.Services.WorkerClientTests.SendCallbackAsync_UsesConfiguredUrl" computerName="INHYDL4869" duration="00:00:00.0117870" startTime="2026-03-03T04:11:00.8000644+05:30" endTime="2026-03-03T04:11:00.8113091+05:30" testType="13cdc9d9-ddb5-4fa4-a97d-d965ccfc6d4b" outcome="Passed" testListId="8c84fa94-04c1-424b-9868-57a2d4851a1d" relativeResultsDirectory="b72d845b-7527-4682-9542-745b2487baa3" />
    <UnitTestResult executionId="2c14493a-f420-4d6a-b39f-627774561d1e" testId="6d213f58-dad9-89fd-1aa7-cc67da44be7f" testName="invoice_v1.tests.Application.Services.JobServiceTests.RequeueJobAsync_NonTerminalStatus_Throws(status: &quot;PENDING&quot;)" computerName="INHYDL4869" duration="00:00:00.0028267" startTime="2026-03-03T04:11:01.0515810+05:30" endTime="2026-03-03T04:11:01.0549728+05:30" testType="13cdc9d9-ddb5-4fa4-a97d-d965ccfc6d4b" outcome="Passed" testListId="8c84fa94-04c1-424b-9868-57a2d4851a1d" relativeResultsDirectory="2c14493a-f420-4d6a-b39f-627774561d1e" />
    <UnitTestResult executionId="109870f6-e0d9-4245-a3f4-c2007cbb6ef5" testId="522b745d-3628-e538-cf4d-17af22a5af11" testName="invoice_v1.tests.Application.Services.RateLimitServiceTests.IsRateLimitedAsync_KeyNotFound_ReturnsFalse" computerName="INHYDL4869" duration="00:00:00.0020477" startTime="2026-03-03T04:11:00.8657831+05:30" endTime="2026-03-03T04:11:00.8676131+05:30" testType="13cdc9d9-ddb5-4fa4-a97d-d965ccfc6d4b" outcome="Passed" testListId="8c84fa94-04c1-424b-9868-57a2d4851a1d" relativeResultsDirectory="109870f6-e0d9-4245-a3f4-c2007cbb6ef5" />
    <UnitTestResult executionId="fba9eba6-400c-41fb-9ae7-34356638c888" testId="1614eb79-2fc4-a26d-0287-01c6e4f4f496" testName="invoice_v1.tests.Application.Services.JobServiceTests.MarkFailedAsync_SetsStatusToInvalid" computerName="INHYDL4869" duration="00:00:00.0041093" startTime="2026-03-03T04:11:01.1874228+05:30" endTime="2026-03-03T04:11:01.1912568+05:30" testType="13cdc9d9-ddb5-4fa4-a97d-d965ccfc6d4b" outcome="Passed" testListId="8c84fa94-04c1-424b-9868-57a2d4851a1d" relativeResultsDirectory="fba9eba6-400c-41fb-9ae7-34356638c888" />
    <UnitTestResult executionId="22423684-c465-4bee-a749-28fa110acd1e" testId="2cec1353-b303-fc06-8ae1-8ee596479eb5" testName="invoice_v1.tests.Application.Services.JobServiceTests.MarkFailedAsync_SetsErrorMessage" computerName="INHYDL4869" duration="00:00:00.0039722" startTime="2026-03-03T04:11:01.1535477+05:30" endTime="2026-03-03T04:11:01.1592943+05:30" testType="13cdc9d9-ddb5-4fa4-a97d-d965ccfc6d4b" outcome="Passed" testListId="8c84fa94-04c1-424b-9868-57a2d4851a1d" relativeResultsDirectory="22423684-c465-4bee-a749-28fa110acd1e" />
    <UnitTestResult executionId="583af0b9-6cc0-4502-bc52-b6880ec6874f" testId="6f16f0e4-5b8e-4445-d525-39e121e9df37" testName="invoice_v1.tests.Application.Services.InvalidInvoiceServiceTests.GetInvalidInvoices_WithVendorId_LogsVendorIdString" computerName="INHYDL4869" duration="00:00:00.0143672" startTime="2026-03-03T04:11:01.1538421+05:30" endTime="2026-03-03T04:11:01.1703271+05:30" testType="13cdc9d9-ddb5-4fa4-a97d-d965ccfc6d4b" outcome="Passed" testListId="8c84fa94-04c1-424b-9868-57a2d4851a1d" relativeResultsDirectory="583af0b9-6cc0-4502-bc52-b6880ec6874f" />
    <UnitTestResult executionId="ebad6098-7421-42df-9468-686725010e3a" testId="f6450482-ad86-c74a-2212-7ac009762cb2" testName="invoice_v1.tests.Controllers.AdminControllerTests.GetAllUsers_ReturnsOkWithUsers" computerName="INHYDL4869" duration="00:00:00.0037812" startTime="2026-03-03T04:11:00.8829371+05:30" endTime="2026-03-03T04:11:00.8864948+05:30" testType="13cdc9d9-ddb5-4fa4-a97d-d965ccfc6d4b" outcome="Passed" testListId="8c84fa94-04c1-424b-9868-57a2d4851a1d" relativeResultsDirectory="ebad6098-7421-42df-9468-686725010e3a" />
    <UnitTestResult executionId="04572896-8c59-4934-9964-f587b25f6803" testId="59db15bf-42c5-d9cb-9969-96090b14a268" testName="invoice_v1.tests.Application.Services.JobServiceTests.MarkInvalidAsync_JobNotFound_Throws" computerName="INHYDL4869" duration="00:00:00.0086233" startTime="2026-03-03T04:11:00.9656855+05:30" endTime="2026-03-03T04:11:00.9676591+05:30" testType="13cdc9d9-ddb5-4fa4-a97d-d965ccfc6d4b" outcome="Passed" testListId="8c84fa94-04c1-424b-9868-57a2d4851a1d" relativeResultsDirectory="04572896-8c59-4934-9964-f587b25f6803" />
    <UnitTestResult executionId="fc5ca424-5c18-4385-b16f-e0be1a5bbb78" testId="8897f04f-d34a-2c4a-af7c-41bb21634fa0" testName="invoice_v1.tests.Services.SearchSecurityValidatorTests.ValidateSql_ValidAdminQuery_ReturnsTrue" computerName="INHYDL4869" duration="00:00:00.0068757" startTime="2026-03-03T04:11:01.1415251+05:30" endTime="2026-03-03T04:11:01.1484614+05:30" testType="13cdc9d9-ddb5-4fa4-a97d-d965ccfc6d4b" outcome="Passed" testListId="8c84fa94-04c1-424b-9868-57a2d4851a1d" relativeResultsDirectory="fc5ca424-5c18-4385-b16f-e0be1a5bbb78" />
    <UnitTestResult executionId="51f2dca1-d601-4cd6-a43b-c3e28c383d50" testId="19cf466c-e35f-1bb1-e132-b59c551fbb8c" testName="invoice_v1.tests.Controllers.AnalyticsControllerTests.GetProductSales_FutureEndDate_ReturnsBadRequest" computerName="INHYDL4869" duration="00:00:00.0016691" startTime="2026-03-03T04:11:00.6764870+05:30" endTime="2026-03-03T04:11:00.6781328+05:30" testType="13cdc9d9-ddb5-4fa4-a97d-d965ccfc6d4b" outcome="Passed" testListId="8c84fa94-04c1-424b-9868-57a2d4851a1d" relativeResultsDirectory="51f2dca1-d601-4cd6-a43b-c3e28c383d50" />
[...]
[xUnit.net 00:00:01.70]            at Microsoft.Extensions.DependencyInjection.ServiceLookup.CallSiteRuntimeResolver.VisitScopeCache(ServiceCallSite callSite, RuntimeResolverContext context)&#xD;
[xUnit.net 00:00:01.70]            at Microsoft.Extensions.DependencyInjection.ServiceLookup.CallSiteRuntimeResolver.VisitConstructor(ConstructorCallSite constructorCallSite, RuntimeResolverContext context)&#xD;
[xUnit.net 00:00:01.70]            at Microsoft.Extensions.DependencyInjection.ServiceLookup.CallSiteRuntimeResolver.VisitCache(ServiceCallSite callSite, RuntimeResolverContext context, ServiceProviderEngineScope serviceProviderEngine, RuntimeResolverLock lockType)&#xD;
[xUnit.net 00:00:01.70]            at Microsoft.Extensions.DependencyInjection.ServiceLookup.CallSiteRuntimeResolver.VisitScopeCache(ServiceCallSite callSite, RuntimeResolverContext context)&#xD;
[xUnit.net 00:00:01.70]            at Microsoft.Extensions.DependencyInjection.ServiceLookup.CallSiteRuntimeResolver.VisitConstructor(ConstructorCallSite constructorCallSite, RuntimeResolverContext context)&#xD;
[xUnit.net 00:00:01.70]            at Microsoft.Extensions.DependencyInjection.ServiceLookup.CallSiteRuntimeResolver.VisitCache(ServiceCallSite callSite, RuntimeResolverContext context, ServiceProviderEngineScope serviceProviderEngine, RuntimeResolverLock lockType)&#xD;
[xUnit.net 00:00:01.70]            at Microsoft.Extensions.DependencyInjection.ServiceLookup.CallSiteRuntimeResolver.VisitScopeCache(ServiceCallSite callSite, RuntimeResolverContext context)&#xD;
[xUnit.net 00:00:01.70]            at Microsoft.Extensions.DependencyInjection.ServiceLookup.CallSiteRuntimeResolver.VisitConstructor(ConstructorCallSite constructorCallSite, RuntimeResolverContext context)&#xD;
[xUnit.net 00:00:01.70]            at Microsoft.Extensions.DependencyInjection.ServiceLookup.CallSiteRuntimeResolver.VisitCache(ServiceCallSite callSite, RuntimeResolverContext context, ServiceProviderEngineScope serviceProviderEngine, RuntimeResolverLock lockType)&#xD;
[xUnit.net 00:00:01.70]            at Microsoft.Extensions.DependencyInjection.ServiceLookup.CallSiteRuntimeResolver.VisitScopeCache(ServiceCallSite callSite, RuntimeResolverContext context)&#xD;
[xUnit.net 00:00:01.70]            at Microsoft.Extensions.DependencyInjection.ServiceLookup.CallSiteRuntimeResolver.VisitConstructor(ConstructorCallSite constructorCallSite, RuntimeResolverContext context)&#xD;
[xUnit.net 00:00:01.70]            at Microsoft.Extensions.DependencyInjection.ServiceLookup.CallSiteRuntimeResolver.VisitCache(ServiceCallSite callSite, RuntimeResolverContext context, ServiceProviderEngineScope serviceProviderEngine, RuntimeResolverLock lockType)&#xD;
[xUnit.net 00:00:01.70]            at Microsoft.Extensions.DependencyInjection.ServiceLookup.CallSiteRuntimeResolver.VisitScopeCache(ServiceCallSite callSite, RuntimeResolverContext context)&#xD;
[xUnit.net 00:00:01.70]            at Microsoft.Extensions.DependencyInjection.ServiceLookup.CallSiteRuntimeResolver.Resolve(ServiceCallSite callSite, ServiceProviderEngineScope scope)&#xD;
[xUnit.net 00:00:01.70]            at Microsoft.Extensions.DependencyInjection.ServiceLookup.DynamicServiceProviderEngine.&lt;&gt;c__DisplayClass2_0.&lt;RealizeService&gt;b__0(ServiceProviderEngineScope scope)&#xD;
[xUnit.net 00:00:01.70]            at Microsoft.Extensions.DependencyInjection.ServiceProvider.GetService(ServiceIdentifier serviceIdentifier, ServiceProviderEngineScope serviceProviderEngineScope)&#xD;
[xUnit.net 00:00:01.70]            at Microsoft.Extensions.DependencyInjection.ServiceLookup.ServiceProviderEngineScope.GetService(Type serviceType)&#xD;
[xUnit.net 00:00:01.70]            at Microsoft.Extensions.DependencyInjection.ServiceProviderServiceExtensions.GetRequiredService(IServiceProvider provider, Type serviceType)&#xD;
[xUnit.net 00:00:01.70]            at Microsoft.Extensions.DependencyInjection.ServiceProviderServiceExtensions.GetRequiredService[T](IServiceProvider provider)&#xD;
[xUnit.net 00:00:01.70]            at Microsoft.EntityFrameworkCore.DbContext.get_DbContextDependencies()&#xD;
[xUnit.net 00:00:01.70]            at Microsoft.EntityFrameworkCore.DbContext.get_ContextServices()&#xD;
[xUnit.net 00:00:01.70]            at Microsoft.EntityFrameworkCore.DbContext.get_InternalServiceProvider()&#xD;
[xUnit.net 00:00:01.70]            at Microsoft.EntityFrameworkCore.DbContext.get_DbContextDependencies()&#xD;
[xUnit.net 00:00:01.70]            at Microsoft.EntityFrameworkCore.DbContext.Set[TEntity]()&#xD;
[xUnit.net 00:00:01.70]         C:\Users\vivek.singh\OneDrive - AVEVA Solutions Limited\vivek_projects\invoice-poc\backend\src\Infrastructure\Data\ApplicationDbContext.cs(13,0): at invoice_v1.src.Infrastructure.Data.ApplicationDbContext.get_Users()&#xD;
[xUnit.net 00:00:01.70]         C:\Users\vivek.singh\OneDrive - AVEVA Solutions Limited\vivek_projects\invoice-poc\backend\src\Application\Services\AdminBootstrapService.cs(29,0): at invoice_v1.src.Application.Security.AdminBootstrapService.EnsureAdminExistsAsync()&#xD;
[xUnit.net 00:00:01.70]         C:\Users\vivek.singh\OneDrive - AVEVA Solutions Limited\vivek_projects\invoice-poc\tests\Invoice-v1.UnitTests\Application\Services\AdminBootstrapServiceTests.cs(96,0): at Invoice_v1.UnitTests.AdminBootstrapServiceTests.EnsureAdminExistsAsync_ShouldCreateAdmin_WhenNoneExists()&#xD;
[xUnit.net 00:00:01.70]         --- End of stack trace from previous location ---&#xD;
[xUnit.net 00:00:02.30]       Microsoft.EntityFrameworkCore.DbUpdateException : An error occurred while saving the entity changes. See the inner exception for details.&#xD;
[xUnit.net 00:00:02.30]       ---- Microsoft.Data.Sqlite.SqliteException : SQLite Error 19: 'FOREIGN KEY constraint failed'.&#xD;
[xUnit.net 00:00:02.30]       Stack Trace:&#xD;
[xUnit.net 00:00:02.30]            at Microsoft.EntityFrameworkCore.Update.ReaderModificationCommandBatch.ExecuteAsync(IRelationalConnection connection, CancellationToken cancellationToken)&#xD;
[xUnit.net 00:00:02.30]            at Microsoft.EntityFrameworkCore.Update.Internal.BatchExecutor.ExecuteAsync(IEnumerable`1 commandBatches, IRelationalConnection connection, CancellationToken cancellationToken)&#xD;
[xUnit.net 00:00:02.30]            at Microsoft.EntityFrameworkCore.Update.Internal.BatchExecutor.ExecuteAsync(IEnumerable`1 commandBatches, IRelationalConnection connection, CancellationToken cancellationToken)&#xD;
[xUnit.net 00:00:02.30]            at Microsoft.EntityFrameworkCore.Update.Internal.BatchExecutor.ExecuteAsync(IEnumerable`1 commandBatches, IRelationalConnection connection, CancellationToken cancellationToken)&#xD;
[xUnit.net 00:00:02.30]            at Microsoft.EntityFrameworkCore.Storage.RelationalDatabase.SaveChangesAsync(IList`1 entries, CancellationToken cancellationToken)&#xD;
[xUnit.net 00:00:02.30]            at Microsoft.EntityFrameworkCore.ChangeTracking.Internal.StateManager.SaveChangesAsync(IList`1 entriesToSave, CancellationToken cancellationToken)&#xD;
[xUnit.net 00:00:02.30]            at Microsoft.EntityFrameworkCore.ChangeTracking.Internal.StateManager.SaveChangesAsync(StateManager stateManager, Boolean acceptAllChangesOnSuccess, CancellationToken cancellationToken)&#xD;
[xUnit.net 00:00:02.30]            at Microsoft.EntityFrameworkCore.DbContext.SaveChangesAsync(Boolean acceptAllChangesOnSuccess, CancellationToken cancellationToken)&#xD;
[xUnit.net 00:00:02.30]            at Microsoft.EntityFrameworkCore.DbContext.SaveChangesAsync(Boolean acceptAllChangesOnSuccess, CancellationToken cancellationToken)&#xD;
[xUnit.net 00:00:02.30]         C:\Users\vivek.singh\OneDrive - AVEVA Solutions Limited\vivek_projects\invoice-poc\tests\Invoice-v1.UnitTests\Infrastructure\Repositories\AnalyticsRepositoryTests.cs(91,0): at invoice_v1.tests.Infrastructure.Repositories.AnalyticsRepositoryTests.GetRevenueTrendDataAsync_RespectsVendorId()&#xD;
[xUnit.net 00:00:02.30]         --- End of stack trace from previous location ---&#xD;
[xUnit.net 00:00:02.30]         ----- Inner Stack Trace -----&#xD;
[xUnit.net 00:00:02.31]            at Microsoft.Data.Sqlite.SqliteException.ThrowExceptionForRC(Int32 rc, sqlite3 db)&#xD;
[xUnit.net 00:00:02.31]            at Microsoft.Data.Sqlite.SqliteDataReader.NextResult()&#xD;
[xUnit.net 00:00:02.31]            at Microsoft.Data.Sqlite.SqliteCommand.ExecuteReader(CommandBehavior behavior)&#xD;
[xUnit.net 00:00:02.31]            at Microsoft.Data.Sqlite.SqliteCommand.ExecuteReaderAsync(CommandBehavior behavior, CancellationToken cancellationToken)&#xD;
[xUnit.net 00:00:02.31]            at Microsoft.Data.Sqlite.SqliteCommand.ExecuteDbDataReaderAsync(CommandBehavior behavior, CancellationToken cancellationToken)&#xD;
[xUnit.net 00:00:02.31]            at Microsoft.EntityFrameworkCore.Storage.RelationalCommand.ExecuteReaderAsync(RelationalCommandParameterObject parameterObject, CancellationToken cancellationToken)&#xD;
[xUnit.net 00:00:02.31]            at Microsoft.EntityFrameworkCore.Storage.RelationalCommand.ExecuteReaderAsync(RelationalCommandParameterObject parameterObject, CancellationToken cancellationToken)&#xD;
[xUnit.net 00:00:02.31]            at Microsoft.EntityFrameworkCore.Update.ReaderModificationCommandBatch.ExecuteAsync(IRelationalConnection connection, CancellationToken cancellationToken)&#xD;
[xUnit.net 00:00:02.32]       Microsoft.EntityFrameworkCore.DbUpdateException : An error occurred while saving the entity changes. See the inner exception for details.&#xD;
[xUnit.net 00:00:02.32]       ---- Microsoft.Data.Sqlite.SqliteException : SQLite Error 19: 'FOREIGN KEY constraint failed'.&#xD;
[xUnit.net 00:00:02.32]       Stack Trace:&#xD;
[xUnit.net 00:00:02.32]            at Microsoft.EntityFrameworkCore.Update.ReaderModificationCommandBatch.ExecuteAsync(IRelationalConnection connection, CancellationToken cancellationToken)&#xD;
[xUnit.net 00:00:02.32]            at Microsoft.EntityFrameworkCore.Update.Internal.BatchExecutor.ExecuteAsync(IEnumerable`1 commandBatches, IRelationalConnection connection, CancellationToken cancellationToken)&#xD;
[xUnit.net 00:00:02.32]            at Microsoft.EntityFrameworkCore.Update.Internal.BatchExecutor.ExecuteAsync(IEnumerable`1 commandBatches, IRelationalConnection connection, CancellationToken cancellationToken)&#xD;
[xUnit.net 00:00:02.32]            at Microsoft.EntityFrameworkCore.Update.Internal.BatchExecutor.ExecuteAsync(IEnumerable`1 commandBatches, IRelationalConnection connection, CancellationToken cancellationToken)&#xD;
[xUnit.net 00:00:02.32]            at Microsoft.EntityFrameworkCore.Storage.RelationalDatabase.SaveChangesAsync(IList`1 entries, CancellationToken cancellationToken)&#xD;
[xUnit.net 00:00:02.32]            at Microsoft.EntityFrameworkCore.ChangeTracking.Internal.StateManager.SaveChangesAsync(IList`1 entriesToSave, CancellationToken cancellationToken)&#xD;
[xUnit.net 00:00:02.32]            at Microsoft.EntityFrameworkCore.ChangeTracking.Internal.StateManager.SaveChangesAsync(StateManager stateManager, Boolean acceptAllChangesOnSuccess, CancellationToken cancellationToken)&#xD;
[xUnit.net 00:00:02.32]            at Microsoft.EntityFrameworkCore.DbContext.SaveChangesAsync(Boolean acceptAllChangesOnSuccess, CancellationToken cancellationToken)&#xD;
[xUnit.net 00:00:02.32]            at Microsoft.EntityFrameworkCore.DbContext.SaveChangesAsync(Boolean acceptAllChangesOnSuccess, CancellationToken cancellationToken)&#xD;
[xUnit.net 00:00:02.32]         C:\Users\vivek.singh\OneDrive - AVEVA Solutions Limited\vivek_projects\invoice-poc\tests\Invoice-v1.UnitTests\Infrastructure\Repositories\AnalyticsRepositoryTests.cs(46,0): at invoice_v1.tests.Infrastructure.Repositories.AnalyticsRepositoryTests.GetRevenueTrendDataAsync_FiltersByDate()&#xD;
[xUnit.net 00:00:02.32]         --- End of stack trace from previous location ---&#xD;
[xUnit.net 00:00:02.32]         ----- Inner Stack Trace -----&#xD;
[xUnit.net 00:00:02.32]            at Microsoft.Data.Sqlite.SqliteException.ThrowExceptionForRC(Int32 rc, sqlite3 db)&#xD;
[xUnit.net 00:00:02.32]            at Microsoft.Data.Sqlite.SqliteDataReader.NextResult()&#xD;
[xUnit.net 00:00:02.32]            at Microsoft.Data.Sqlite.SqliteCommand.ExecuteReader(CommandBehavior behavior)&#xD;
[xUnit.net 00:00:02.32]            at Microsoft.Data.Sqlite.SqliteCommand.ExecuteReaderAsync(CommandBehavior behavior, CancellationToken cancellationToken)&#xD;
[xUnit.net 00:00:02.32]            at Microsoft.Data.Sqlite.SqliteCommand.ExecuteDbDataReaderAsync(CommandBehavior behavior, CancellationToken cancellationToken)&#xD;
[xUnit.net 00:00:02.32]            at Microsoft.EntityFrameworkCore.Storage.RelationalCommand.ExecuteReaderAsync(RelationalCommandParameterObject parameterObject, CancellationToken cancellationToken)&#xD;
[xUnit.net 00:00:02.32]            at Microsoft.EntityFrameworkCore.Storage.RelationalCommand.ExecuteReaderAsync(RelationalCommandParameterObject parameterObject, CancellationToken cancellationToken)&#xD;
[xUnit.net 00:00:02.32]            at Microsoft.EntityFrameworkCore.Update.ReaderModificationCommandBatch.ExecuteAsync(IRelationalConnection connection, CancellationToken cancellationToken)&#xD;
[xUnit.net 00:00:02.34]       Microsoft.EntityFrameworkCore.DbUpdateException : An error occurred while saving the entity changes. See the inner exception for details.&#xD;
[xUnit.net 00:00:02.34]       ---- Microsoft.Data.Sqlite.SqliteException : SQLite Error 19: 'FOREIGN KEY constraint failed'.&#xD;
[xUnit.net 00:00:02.34]       Stack Trace:&#xD;
[xUnit.net 00:00:02.34]            at Microsoft.EntityFrameworkCore.Update.ReaderModificationCommandBatch.ExecuteAsync(IRelationalConnection connection, CancellationToken cancellationToken)&#xD;
[xUnit.net 00:00:02.34]            at Microsoft.EntityFrameworkCore.Update.Internal.BatchExecutor.ExecuteAsync(IEnumerable`1 commandBatches, IRelationalConnection connection, CancellationToken cancellationToken)&#xD;
[xUnit.net 00:00:02.34]            at Microsoft.EntityFrameworkCore.Update.Internal.BatchExecutor.ExecuteAsync(IEnumerable`1 commandBatches, IRelationalConnection connection, CancellationToken cancellationToken)&#xD;
[xUnit.net 00:00:02.34]            at Microsoft.EntityFrameworkCore.Update.Internal.BatchExecutor.ExecuteAsync(IEnumerable`1 commandBatches, IRelationalConnection connection, CancellationToken cancellationToken)&#xD;
[xUnit.net 00:00:02.34]            at Microsoft.EntityFrameworkCore.Storage.RelationalDatabase.SaveChangesAsync(IList`1 entries, CancellationToken cancellationToken)&#xD;
[xUnit.net 00:00:02.34]            at Microsoft.EntityFrameworkCore.ChangeTracking.Internal.StateManager.SaveChangesAsync(IList`1 entriesToSave, CancellationToken cancellationToken)&#xD;
[xUnit.net 00:00:02.34]            at Microsoft.EntityFrameworkCore.ChangeTracking.Internal.StateManager.SaveChangesAsync(StateManager stateManager, Boolean acceptAllChangesOnSuccess, CancellationToken cancellationToken)&#xD;
[xUnit.net 00:00:02.34]            at Microsoft.EntityFrameworkCore.DbContext.SaveChangesAsync(Boolean acceptAllChangesOnSuccess, CancellationToken cancellationToken)&#xD;
[xUnit.net 00:00:02.34]            at Microsoft.EntityFrameworkCore.DbContext.SaveChangesAsync(Boolean acceptAllChangesOnSuccess, CancellationToken cancellationToken)&#xD;
[xUnit.net 00:00:02.34]         C:\Users\vivek.singh\OneDrive - AVEVA Solutions Limited\vivek_projects\invoice-poc\tests\Invoice-v1.UnitTests\Infrastructure\Repositories\AnalyticsRepositoryTests.cs(113,0): at invoice_v1.tests.Infrastructure.Repositories.AnalyticsRepositoryTests.GetRevenueTrendDataAsync_AdminSeesAllVendors()&#xD;
[xUnit.net 00:00:02.34]         --- End of stack trace from previous location ---&#xD;
[xUnit.net 00:00:02.34]         ----- Inner Stack Trace -----&#xD;
[xUnit.net 00:00:02.34]            at Microsoft.Data.Sqlite.SqliteException.ThrowExceptionForRC(Int32 rc, sqlite3 db)&#xD;
[xUnit.net 00:00:02.34]            at Microsoft.Data.Sqlite.SqliteDataReader.NextResult()&#xD;
[xUnit.net 00:00:02.34]            at Microsoft.Data.Sqlite.SqliteCommand.ExecuteReader(CommandBehavior behavior)&#xD;
[xUnit.net 00:00:02.34]            at Microsoft.Data.Sqlite.SqliteCommand.ExecuteReaderAsync(CommandBehavior behavior, CancellationToken cancellationToken)&#xD;
[xUnit.net 00:00:02.34]            at Microsoft.Data.Sqlite.SqliteCommand.ExecuteDbDataReaderAsync(CommandBehavior behavior, CancellationToken cancellationToken)&#xD;
[xUnit.net 00:00:02.34]            at Microsoft.EntityFrameworkCore.Storage.RelationalCommand.ExecuteReaderAsync(RelationalCommandParameterObject parameterObject, CancellationToken cancellationToken)&#xD;
[xUnit.net 00:00:02.34]            at Microsoft.EntityFrameworkCore.Storage.RelationalCommand.ExecuteReaderAsync(RelationalCommandParameterObject parameterObject, CancellationToken cancellationToken)&#xD;
[xUnit.net 00:00:02.34]            at Microsoft.EntityFrameworkCore.Update.ReaderModificationCommandBatch.ExecuteAsync(IRelationalConnection connection, CancellationToken cancellationToken)&#xD;
[xUnit.net 00:00:02.41]   Finished:    Invoice-v1.UnitTests&#xD;
</StdOut>
    </Output>
    <RunInfos>
      <RunInfo computerName="INHYDL4869" outcome="Error" timestamp="2026-03-03T04:11:00.9518524+05:30">
        <Text>[xUnit.net 00:00:00.89]     invoice_v1.tests.Controllers.CallbackControllerTests.HandleCallback_StatusCompleted_TriggersInvoiceCreation [FAIL]</Text>
      </RunInfo>
      <RunInfo computerName="INHYDL4869" outcome="Error" timestamp="2026-03-03T04:11:01.1544455+05:30">
        <Text>[xUnit.net 00:00:01.10]     invoice_v1.tests.Services.SearchSecurityValidatorTests.ValidateSql_LimitTooLarge_ReturnsFalse [FAIL]</Text>
      </RunInfo>
      <RunInfo computerName="INHYDL4869" outcome="Error" timestamp="2026-03-03T04:11:01.6300860+05:30">
        <Text>[xUnit.net 00:00:01.57]     Invoice_v1.UnitTests.AdminBootstrapServiceTests.EnsureAdminExistsAsync_ShouldDoNothing_WhenAdminExists [FAIL]</Text>
      </RunInfo>
      <RunInfo computerName="INHYDL4869" outcome="Error" timestamp="2026-03-03T04:11:01.6679555+05:30">
        <Text>[xUnit.net 00:00:01.61]     Invoice_v1.UnitTests.AdminBootstrapServiceTests.EnsureAdminExistsAsync_ShouldSkip_WhenConfigMissing [FAIL]</Text>
      </RunInfo>
      <RunInfo computerName="INHYDL4869" outcome="Error" timestamp="2026-03-03T04:11:01.7132921+05:30">
        <Text>[xUnit.net 00:00:01.66]     Invoice_v1.UnitTests.AdminBootstrapServiceTests.EnsureAdminExistsAsync_ShouldCreateAdmin_WhenOnlySoftDeletedExists [FAIL]</Text>
      </RunInfo>
      <RunInfo computerName="INHYDL4869" outcome="Error" timestamp="2026-03-03T04:11:01.7520199+05:30">
        <Text>[xUnit.net 00:00:01.69]     Invoice_v1.UnitTests.AdminBootstrapServiceTests.EnsureAdminExistsAsync_ShouldCreateAdmin_WhenNoneExists [FAIL]</Text>
      </RunInfo>
      <RunInfo computerName="INHYDL4869" outcome="Error" timestamp="2026-03-03T04:11:02.3599916+05:30">
        <Text>[xUnit.net 00:00:02.30]     invoice_v1.tests.Infrastructure.Repositories.AnalyticsRepositoryTests.GetRevenueTrendDataAsync_RespectsVendorId [FAIL]</Text>
      </RunInfo>
      <RunInfo computerName="INHYDL4869" outcome="Error" timestamp="2026-03-03T04:11:02.3785078+05:30">
        <Text>[xUnit.net 00:00:02.32]     invoice_v1.tests.Infrastructure.Repositories.AnalyticsRepositoryTests.GetRevenueTrendDataAsync_FiltersByDate [FAIL]</Text>
      </RunInfo>
      <RunInfo computerName="INHYDL4869" outcome="Error" timestamp="2026-03-03T04:11:02.3972154+05:30">
        <Text>[xUnit.net 00:00:02.34]     invoice_v1.tests.Infrastructure.Repositories.AnalyticsRepositoryTests.GetRevenueTrendDataAsync_AdminSeesAllVendors [FAIL]</Text>
      </RunInfo>
    </RunInfos>
  </ResultSummary>
</TestRun>